;  LST file generated by mikroListExporter - v.2.0 
; Date/Time: 10/11/2022 17:17:39
;----------------------------------------------

;Address Opcode 	ASM
0x0000	0x294E      	GOTO       334
_interrupt:
0x0004	0x00FF      	MOVWF      R15
0x0005	0x0E03      	SWAPF      STATUS, 0
0x0006	0x0183      	CLRF       STATUS
0x0007	0x1683      	BSF        STATUS, 5
0x0008	0x00D1      	MOVWF      ___saveSTATUS
0x0009	0x080A      	MOVF       PCLATH, 0
0x000A	0x00D2      	MOVWF      ___savePCLATH
0x000B	0x018A      	CLRF       PCLATH
0x000C	0x0870      	MOVF       R0, 0
0x000D	0x1283      	BCF        STATUS, 5
0x000E	0x00A0      	MOVWF      32
;R4_P2.c,24 :: 		void interrupt()
;R4_P2.c,26 :: 		if (INTCON.TMR0IF == 1)
0x000F	0x1D0B      	BTFSS      INTCON, 2
0x0010	0x2825      	GOTO       L_interrupt0
;R4_P2.c,28 :: 		aux_tempo++;
0x0011	0x0AEE      	INCF       _aux_tempo, 1
0x0012	0x1903      	BTFSC      STATUS, 2
0x0013	0x0AEF      	INCF       _aux_tempo+1, 1
;R4_P2.c,29 :: 		if (aux_tempo == 125)
0x0014	0x3000      	MOVLW      0
0x0015	0x066F      	XORWF      _aux_tempo+1, 0
0x0016	0x1D03      	BTFSS      STATUS, 2
0x0017	0x281A      	GOTO       L__interrupt28
0x0018	0x307D      	MOVLW      125
0x0019	0x066E      	XORWF      _aux_tempo, 0
L__interrupt28:
0x001A	0x1D03      	BTFSS      STATUS, 2
0x001B	0x2820      	GOTO       L_interrupt1
;R4_P2.c,31 :: 		aux_tempo = 0;
0x001C	0x01EE      	CLRF       _aux_tempo
0x001D	0x01EF      	CLRF       _aux_tempo+1
;R4_P2.c,32 :: 		fim_1s = 1;
0x001E	0x1683      	BSF        STATUS, 5
0x001F	0x14D0      	BSF        _fim_1s, BitPos(_fim_1s+0)
;R4_P2.c,33 :: 		}
L_interrupt1:
;R4_P2.c,34 :: 		INTCON.TMR0IF = 0; //Restaura o sinalizador de interrupção por T0
0x0020	0x110B      	BCF        INTCON, 2
;R4_P2.c,35 :: 		INTCON.TMR0IE = 1; //Habilita novamente a interrupção
0x0021	0x168B      	BSF        INTCON, 5
;R4_P2.c,36 :: 		TMR0 = 131;                 //Inicia o contador do T0 com 131
0x0022	0x3083      	MOVLW      131
0x0023	0x1283      	BCF        STATUS, 5
0x0024	0x0081      	MOVWF      TMR0
;R4_P2.c,37 :: 		}
L_interrupt0:
;R4_P2.c,38 :: 		}
L_end_interrupt:
L__interrupt27:
0x0025	0x0820      	MOVF       32, 0
0x0026	0x00F0      	MOVWF      R0
0x0027	0x1683      	BSF        STATUS, 5
0x0028	0x0852      	MOVF       ___savePCLATH, 0
0x0029	0x008A      	MOVWF      PCLATH
0x002A	0x0E51      	SWAPF      ___saveSTATUS, 0
0x002B	0x0083      	MOVWF      STATUS
0x002C	0x0EFF      	SWAPF      R15, 1
0x002D	0x0E7F      	SWAPF      R15, 0
0x002E	0x0009      	RETFIE
; end of _interrupt
_Delay_50us:
;__Lib_Delays.c,19 :: 		void Delay_50us() {
;__Lib_Delays.c,20 :: 		Delay_us(50);
0x002F	0x3010      	MOVLW      16
0x0030	0x1283      	BCF        STATUS, 5
0x0031	0x1303      	BCF        STATUS, 6
0x0032	0x00FD      	MOVWF      R13
L_Delay_50us2:
0x0033	0x0BFD      	DECFSZ     R13, 1
0x0034	0x2833      	GOTO       L_Delay_50us2
0x0035	0x0000      	NOP
;__Lib_Delays.c,21 :: 		}
L_end_Delay_50us:
0x0036	0x0008      	RETURN
; end of _Delay_50us
_Delay_5500us:
;__Lib_Delays.c,31 :: 		void Delay_5500us() {
;__Lib_Delays.c,32 :: 		Delay_us(5500);
0x0037	0x3008      	MOVLW      8
0x0038	0x1283      	BCF        STATUS, 5
0x0039	0x1303      	BCF        STATUS, 6
0x003A	0x00FC      	MOVWF      R12
0x003B	0x3023      	MOVLW      35
0x003C	0x00FD      	MOVWF      R13
L_Delay_5500us5:
0x003D	0x0BFD      	DECFSZ     R13, 1
0x003E	0x283D      	GOTO       L_Delay_5500us5
0x003F	0x0BFC      	DECFSZ     R12, 1
0x0040	0x283D      	GOTO       L_Delay_5500us5
;__Lib_Delays.c,33 :: 		}
L_end_Delay_5500us:
0x0041	0x0008      	RETURN
; end of _Delay_5500us
_Delay_1us:
;__Lib_Delays.c,7 :: 		void Delay_1us() {
;__Lib_Delays.c,8 :: 		Delay_us(1);
0x0042	0x0000      	NOP
;__Lib_Delays.c,9 :: 		}
L_end_Delay_1us:
0x0043	0x0008      	RETURN
; end of _Delay_1us
_Lcd_Cmd:
;__Lib_Lcd.c,18 :: 		
;__Lib_Lcd.c,20 :: 		
0x0044	0x1683      	BSF        STATUS, 5
0x0045	0x1303      	BCF        STATUS, 6
0x0046	0x1BD8      	BTFSC      FARG_Lcd_Cmd_out_char, 7
0x0047	0x284B      	GOTO       L__Lcd_Cmd21
0x0048	0x1283      	BCF        STATUS, 5
0x0049	0x1387      	BCF        LCD_D7, BitPos(LCD_D7+0)
0x004A	0x284D      	GOTO       L__Lcd_Cmd22
L__Lcd_Cmd21:
0x004B	0x1283      	BCF        STATUS, 5
0x004C	0x1787      	BSF        LCD_D7, BitPos(LCD_D7+0)
L__Lcd_Cmd22:
;__Lib_Lcd.c,21 :: 		
0x004D	0x1683      	BSF        STATUS, 5
0x004E	0x1B58      	BTFSC      FARG_Lcd_Cmd_out_char, 6
0x004F	0x2853      	GOTO       L__Lcd_Cmd23
0x0050	0x1283      	BCF        STATUS, 5
0x0051	0x1307      	BCF        LCD_D6, BitPos(LCD_D6+0)
0x0052	0x2855      	GOTO       L__Lcd_Cmd24
L__Lcd_Cmd23:
0x0053	0x1283      	BCF        STATUS, 5
0x0054	0x1707      	BSF        LCD_D6, BitPos(LCD_D6+0)
L__Lcd_Cmd24:
;__Lib_Lcd.c,22 :: 		
0x0055	0x1683      	BSF        STATUS, 5
0x0056	0x1AD8      	BTFSC      FARG_Lcd_Cmd_out_char, 5
0x0057	0x285B      	GOTO       L__Lcd_Cmd25
0x0058	0x1283      	BCF        STATUS, 5
0x0059	0x1287      	BCF        LCD_D5, BitPos(LCD_D5+0)
0x005A	0x285D      	GOTO       L__Lcd_Cmd26
L__Lcd_Cmd25:
0x005B	0x1283      	BCF        STATUS, 5
0x005C	0x1687      	BSF        LCD_D5, BitPos(LCD_D5+0)
L__Lcd_Cmd26:
;__Lib_Lcd.c,23 :: 		
0x005D	0x1683      	BSF        STATUS, 5
0x005E	0x1A58      	BTFSC      FARG_Lcd_Cmd_out_char, 4
0x005F	0x2863      	GOTO       L__Lcd_Cmd27
0x0060	0x1283      	BCF        STATUS, 5
0x0061	0x1207      	BCF        LCD_D4, BitPos(LCD_D4+0)
0x0062	0x2865      	GOTO       L__Lcd_Cmd28
L__Lcd_Cmd27:
0x0063	0x1283      	BCF        STATUS, 5
0x0064	0x1607      	BSF        LCD_D4, BitPos(LCD_D4+0)
L__Lcd_Cmd28:
;__Lib_Lcd.c,25 :: 		
0x0065	0x1683      	BSF        STATUS, 5
0x0066	0x1850      	BTFSC      __Lib_Lcd_cmd_status, BitPos(__Lib_Lcd_cmd_status+0)
0x0067	0x286B      	GOTO       L__Lcd_Cmd29
0x0068	0x1283      	BCF        STATUS, 5
0x0069	0x1507      	BSF        LCD_RS, BitPos(LCD_RS+0)
0x006A	0x286D      	GOTO       L__Lcd_Cmd30
L__Lcd_Cmd29:
0x006B	0x1283      	BCF        STATUS, 5
0x006C	0x1107      	BCF        LCD_RS, BitPos(LCD_RS+0)
L__Lcd_Cmd30:
;__Lib_Lcd.c,28 :: 		
0x006D	0x1587      	BSF        LCD_EN, BitPos(LCD_EN+0)
;__Lib_Lcd.c,29 :: 		
0x006E	0x2042      	CALL       _Delay_1us
;__Lib_Lcd.c,30 :: 		
0x006F	0x1187      	BCF        LCD_EN, BitPos(LCD_EN+0)
;__Lib_Lcd.c,33 :: 		
0x0070	0x1683      	BSF        STATUS, 5
0x0071	0x19D8      	BTFSC      FARG_Lcd_Cmd_out_char, 3
0x0072	0x2876      	GOTO       L__Lcd_Cmd31
0x0073	0x1283      	BCF        STATUS, 5
0x0074	0x1387      	BCF        LCD_D7, BitPos(LCD_D7+0)
0x0075	0x2878      	GOTO       L__Lcd_Cmd32
L__Lcd_Cmd31:
0x0076	0x1283      	BCF        STATUS, 5
0x0077	0x1787      	BSF        LCD_D7, BitPos(LCD_D7+0)
L__Lcd_Cmd32:
;__Lib_Lcd.c,34 :: 		
0x0078	0x1683      	BSF        STATUS, 5
0x0079	0x1958      	BTFSC      FARG_Lcd_Cmd_out_char, 2
0x007A	0x287E      	GOTO       L__Lcd_Cmd33
0x007B	0x1283      	BCF        STATUS, 5
0x007C	0x1307      	BCF        LCD_D6, BitPos(LCD_D6+0)
0x007D	0x2880      	GOTO       L__Lcd_Cmd34
L__Lcd_Cmd33:
0x007E	0x1283      	BCF        STATUS, 5
0x007F	0x1707      	BSF        LCD_D6, BitPos(LCD_D6+0)
L__Lcd_Cmd34:
;__Lib_Lcd.c,35 :: 		
0x0080	0x1683      	BSF        STATUS, 5
0x0081	0x18D8      	BTFSC      FARG_Lcd_Cmd_out_char, 1
0x0082	0x2886      	GOTO       L__Lcd_Cmd35
0x0083	0x1283      	BCF        STATUS, 5
0x0084	0x1287      	BCF        LCD_D5, BitPos(LCD_D5+0)
0x0085	0x2888      	GOTO       L__Lcd_Cmd36
L__Lcd_Cmd35:
0x0086	0x1283      	BCF        STATUS, 5
0x0087	0x1687      	BSF        LCD_D5, BitPos(LCD_D5+0)
L__Lcd_Cmd36:
;__Lib_Lcd.c,36 :: 		
0x0088	0x1683      	BSF        STATUS, 5
0x0089	0x1858      	BTFSC      FARG_Lcd_Cmd_out_char, 0
0x008A	0x288E      	GOTO       L__Lcd_Cmd37
0x008B	0x1283      	BCF        STATUS, 5
0x008C	0x1207      	BCF        LCD_D4, BitPos(LCD_D4+0)
0x008D	0x2890      	GOTO       L__Lcd_Cmd38
L__Lcd_Cmd37:
0x008E	0x1283      	BCF        STATUS, 5
0x008F	0x1607      	BSF        LCD_D4, BitPos(LCD_D4+0)
L__Lcd_Cmd38:
;__Lib_Lcd.c,38 :: 		
0x0090	0x1683      	BSF        STATUS, 5
0x0091	0x1850      	BTFSC      __Lib_Lcd_cmd_status, BitPos(__Lib_Lcd_cmd_status+0)
0x0092	0x2896      	GOTO       L__Lcd_Cmd39
0x0093	0x1283      	BCF        STATUS, 5
0x0094	0x1507      	BSF        LCD_RS, BitPos(LCD_RS+0)
0x0095	0x2898      	GOTO       L__Lcd_Cmd40
L__Lcd_Cmd39:
0x0096	0x1283      	BCF        STATUS, 5
0x0097	0x1107      	BCF        LCD_RS, BitPos(LCD_RS+0)
L__Lcd_Cmd40:
;__Lib_Lcd.c,40 :: 		
0x0098	0x1587      	BSF        LCD_EN, BitPos(LCD_EN+0)
;__Lib_Lcd.c,41 :: 		
0x0099	0x2042      	CALL       _Delay_1us
;__Lib_Lcd.c,42 :: 		
0x009A	0x1187      	BCF        LCD_EN, BitPos(LCD_EN+0)
;__Lib_Lcd.c,44 :: 		
0x009B	0x1683      	BSF        STATUS, 5
0x009C	0x1C50      	BTFSS      __Lib_Lcd_cmd_status, BitPos(__Lib_Lcd_cmd_status+0)
0x009D	0x28A0      	GOTO       L_Lcd_Cmd0
;__Lib_Lcd.c,45 :: 		
0x009E	0x2037      	CALL       _Delay_5500us
0x009F	0x28A1      	GOTO       L_Lcd_Cmd1
L_Lcd_Cmd0:
;__Lib_Lcd.c,47 :: 		
0x00A0	0x202F      	CALL       _Delay_50us
L_Lcd_Cmd1:
;__Lib_Lcd.c,48 :: 		
L_end_Lcd_Cmd:
0x00A1	0x0008      	RETURN
; end of _Lcd_Cmd
_____DoICP:
;__Lib_System.c,6 :: 		
;__Lib_System.c,9 :: 		
0x00A2	0x1683      	BSF        STATUS, 5
0x00A3	0x1303      	BCF        STATUS, 6
0x00A4	0x084F      	MOVF       ___DoICPAddr+1, 0
0x00A5	0x008A      	MOVWF      PCLATH
;__Lib_System.c,10 :: 		
0x00A6	0x084E      	MOVF       ___DoICPAddr, 0
0x00A7	0x0082      	MOVWF      PCL
;__Lib_System.c,12 :: 		
L_end_____DoICP:
0x00A8	0x0008      	RETURN
; end of _____DoICP
_Lcd_Chr_CP:
;__Lib_Lcd.c,50 :: 		
;__Lib_Lcd.c,52 :: 		
0x00A9	0x1683      	BSF        STATUS, 5
0x00AA	0x1303      	BCF        STATUS, 6
0x00AB	0x1050      	BCF        __Lib_Lcd_cmd_status, BitPos(__Lib_Lcd_cmd_status+0)
;__Lib_Lcd.c,53 :: 		
0x00AC	0x0857      	MOVF       FARG_Lcd_Chr_CP_out_char, 0
0x00AD	0x00D8      	MOVWF      FARG_Lcd_Cmd_out_char
0x00AE	0x2044      	CALL       _Lcd_Cmd
;__Lib_Lcd.c,54 :: 		
0x00AF	0x1683      	BSF        STATUS, 5
0x00B0	0x1450      	BSF        __Lib_Lcd_cmd_status, BitPos(__Lib_Lcd_cmd_status+0)
;__Lib_Lcd.c,55 :: 		
L_end_Lcd_Chr_CP:
0x00B1	0x0008      	RETURN
; end of _Lcd_Chr_CP
_Lcd_Init:
;__Lib_Lcd.c,84 :: 		
;__Lib_Lcd.c,86 :: 		
0x00B2	0x1683      	BSF        STATUS, 5
0x00B3	0x1303      	BCF        STATUS, 6
0x00B4	0x1187      	BCF        LCD_EN_Direction, BitPos(LCD_EN_Direction+0)
;__Lib_Lcd.c,87 :: 		
0x00B5	0x1107      	BCF        LCD_RS_Direction, BitPos(LCD_RS_Direction+0)
;__Lib_Lcd.c,88 :: 		
0x00B6	0x1207      	BCF        LCD_D4_Direction, BitPos(LCD_D4_Direction+0)
;__Lib_Lcd.c,89 :: 		
0x00B7	0x1287      	BCF        LCD_D5_Direction, BitPos(LCD_D5_Direction+0)
;__Lib_Lcd.c,90 :: 		
0x00B8	0x1307      	BCF        LCD_D6_Direction, BitPos(LCD_D6_Direction+0)
;__Lib_Lcd.c,91 :: 		
0x00B9	0x1387      	BCF        LCD_D7_Direction, BitPos(LCD_D7_Direction+0)
;__Lib_Lcd.c,93 :: 		
0x00BA	0x1283      	BCF        STATUS, 5
0x00BB	0x1187      	BCF        LCD_EN, BitPos(LCD_EN+0)
;__Lib_Lcd.c,94 :: 		
0x00BC	0x1107      	BCF        LCD_RS, BitPos(LCD_RS+0)
;__Lib_Lcd.c,95 :: 		
0x00BD	0x1387      	BCF        LCD_D7, BitPos(LCD_D7+0)
;__Lib_Lcd.c,96 :: 		
0x00BE	0x1307      	BCF        LCD_D6, BitPos(LCD_D6+0)
;__Lib_Lcd.c,97 :: 		
0x00BF	0x1287      	BCF        LCD_D5, BitPos(LCD_D5+0)
;__Lib_Lcd.c,98 :: 		
0x00C0	0x1207      	BCF        LCD_D4, BitPos(LCD_D4+0)
;__Lib_Lcd.c,100 :: 		
0x00C1	0x2037      	CALL       _Delay_5500us
;__Lib_Lcd.c,101 :: 		
0x00C2	0x2037      	CALL       _Delay_5500us
;__Lib_Lcd.c,102 :: 		
0x00C3	0x2037      	CALL       _Delay_5500us
;__Lib_Lcd.c,105 :: 		
0x00C4	0x1687      	BSF        LCD_D5, BitPos(LCD_D5+0)
;__Lib_Lcd.c,106 :: 		
0x00C5	0x1607      	BSF        LCD_D4, BitPos(LCD_D4+0)
;__Lib_Lcd.c,107 :: 		
0x00C6	0x1587      	BSF        LCD_EN, BitPos(LCD_EN+0)
;__Lib_Lcd.c,108 :: 		
0x00C7	0x2042      	CALL       _Delay_1us
;__Lib_Lcd.c,109 :: 		
0x00C8	0x1187      	BCF        LCD_EN, BitPos(LCD_EN+0)
;__Lib_Lcd.c,110 :: 		
0x00C9	0x2037      	CALL       _Delay_5500us
;__Lib_Lcd.c,112 :: 		
0x00CA	0x1587      	BSF        LCD_EN, BitPos(LCD_EN+0)
;__Lib_Lcd.c,113 :: 		
0x00CB	0x2042      	CALL       _Delay_1us
;__Lib_Lcd.c,114 :: 		
0x00CC	0x1187      	BCF        LCD_EN, BitPos(LCD_EN+0)
;__Lib_Lcd.c,115 :: 		
0x00CD	0x2037      	CALL       _Delay_5500us
;__Lib_Lcd.c,117 :: 		
0x00CE	0x1587      	BSF        LCD_EN, BitPos(LCD_EN+0)
;__Lib_Lcd.c,118 :: 		
0x00CF	0x2042      	CALL       _Delay_1us
;__Lib_Lcd.c,119 :: 		
0x00D0	0x1187      	BCF        LCD_EN, BitPos(LCD_EN+0)
;__Lib_Lcd.c,120 :: 		
0x00D1	0x2037      	CALL       _Delay_5500us
;__Lib_Lcd.c,123 :: 		
0x00D2	0x1207      	BCF        LCD_D4, BitPos(LCD_D4+0)
;__Lib_Lcd.c,124 :: 		
0x00D3	0x1587      	BSF        LCD_EN, BitPos(LCD_EN+0)
;__Lib_Lcd.c,125 :: 		
0x00D4	0x2042      	CALL       _Delay_1us
;__Lib_Lcd.c,126 :: 		
0x00D5	0x1187      	BCF        LCD_EN, BitPos(LCD_EN+0)
;__Lib_Lcd.c,127 :: 		
0x00D6	0x2037      	CALL       _Delay_5500us
;__Lib_Lcd.c,130 :: 		
0x00D7	0x1587      	BSF        LCD_EN, BitPos(LCD_EN+0)
;__Lib_Lcd.c,131 :: 		
0x00D8	0x2042      	CALL       _Delay_1us
;__Lib_Lcd.c,132 :: 		
0x00D9	0x1187      	BCF        LCD_EN, BitPos(LCD_EN+0)
;__Lib_Lcd.c,134 :: 		
0x00DA	0x1287      	BCF        LCD_D5, BitPos(LCD_D5+0)
;__Lib_Lcd.c,135 :: 		
0x00DB	0x1787      	BSF        LCD_D7, BitPos(LCD_D7+0)
;__Lib_Lcd.c,136 :: 		
0x00DC	0x1587      	BSF        LCD_EN, BitPos(LCD_EN+0)
;__Lib_Lcd.c,137 :: 		
0x00DD	0x2042      	CALL       _Delay_1us
;__Lib_Lcd.c,138 :: 		
0x00DE	0x1187      	BCF        LCD_EN, BitPos(LCD_EN+0)
;__Lib_Lcd.c,139 :: 		
0x00DF	0x2037      	CALL       _Delay_5500us
;__Lib_Lcd.c,142 :: 		
0x00E0	0x1387      	BCF        LCD_D7, BitPos(LCD_D7+0)
;__Lib_Lcd.c,143 :: 		
0x00E1	0x1607      	BSF        LCD_D4, BitPos(LCD_D4+0)
;__Lib_Lcd.c,144 :: 		
0x00E2	0x1587      	BSF        LCD_EN, BitPos(LCD_EN+0)
;__Lib_Lcd.c,145 :: 		
0x00E3	0x2042      	CALL       _Delay_1us
;__Lib_Lcd.c,146 :: 		
0x00E4	0x1187      	BCF        LCD_EN, BitPos(LCD_EN+0)
;__Lib_Lcd.c,148 :: 		
0x00E5	0x1207      	BCF        LCD_D4, BitPos(LCD_D4+0)
;__Lib_Lcd.c,149 :: 		
0x00E6	0x1587      	BSF        LCD_EN, BitPos(LCD_EN+0)
;__Lib_Lcd.c,150 :: 		
0x00E7	0x2042      	CALL       _Delay_1us
;__Lib_Lcd.c,151 :: 		
0x00E8	0x1187      	BCF        LCD_EN, BitPos(LCD_EN+0)
;__Lib_Lcd.c,152 :: 		
0x00E9	0x2037      	CALL       _Delay_5500us
;__Lib_Lcd.c,155 :: 		
0x00EA	0x1587      	BSF        LCD_EN, BitPos(LCD_EN+0)
;__Lib_Lcd.c,156 :: 		
0x00EB	0x2042      	CALL       _Delay_1us
;__Lib_Lcd.c,157 :: 		
0x00EC	0x1187      	BCF        LCD_EN, BitPos(LCD_EN+0)
;__Lib_Lcd.c,159 :: 		
0x00ED	0x1607      	BSF        LCD_D4, BitPos(LCD_D4+0)
;__Lib_Lcd.c,160 :: 		
0x00EE	0x1587      	BSF        LCD_EN, BitPos(LCD_EN+0)
;__Lib_Lcd.c,161 :: 		
0x00EF	0x2042      	CALL       _Delay_1us
;__Lib_Lcd.c,162 :: 		
0x00F0	0x1187      	BCF        LCD_EN, BitPos(LCD_EN+0)
;__Lib_Lcd.c,163 :: 		
0x00F1	0x2037      	CALL       _Delay_5500us
;__Lib_Lcd.c,166 :: 		
0x00F2	0x1207      	BCF        LCD_D4, BitPos(LCD_D4+0)
;__Lib_Lcd.c,167 :: 		
0x00F3	0x1587      	BSF        LCD_EN, BitPos(LCD_EN+0)
;__Lib_Lcd.c,168 :: 		
0x00F4	0x2042      	CALL       _Delay_1us
;__Lib_Lcd.c,169 :: 		
0x00F5	0x1187      	BCF        LCD_EN, BitPos(LCD_EN+0)
;__Lib_Lcd.c,171 :: 		
0x00F6	0x1787      	BSF        LCD_D7, BitPos(LCD_D7+0)
;__Lib_Lcd.c,172 :: 		
0x00F7	0x1707      	BSF        LCD_D6, BitPos(LCD_D6+0)
;__Lib_Lcd.c,173 :: 		
0x00F8	0x1687      	BSF        LCD_D5, BitPos(LCD_D5+0)
;__Lib_Lcd.c,174 :: 		
0x00F9	0x1607      	BSF        LCD_D4, BitPos(LCD_D4+0)
;__Lib_Lcd.c,175 :: 		
0x00FA	0x1587      	BSF        LCD_EN, BitPos(LCD_EN+0)
;__Lib_Lcd.c,176 :: 		
0x00FB	0x2042      	CALL       _Delay_1us
;__Lib_Lcd.c,177 :: 		
0x00FC	0x1187      	BCF        LCD_EN, BitPos(LCD_EN+0)
;__Lib_Lcd.c,179 :: 		
0x00FD	0x2037      	CALL       _Delay_5500us
;__Lib_Lcd.c,181 :: 		
0x00FE	0x1683      	BSF        STATUS, 5
0x00FF	0x1450      	BSF        __Lib_Lcd_cmd_status, BitPos(__Lib_Lcd_cmd_status+0)
;__Lib_Lcd.c,182 :: 		
L_end_Lcd_Init:
0x0100	0x0008      	RETURN
; end of _Lcd_Init
_Lcd_Out:
;__Lib_Lcd.c,184 :: 		
;__Lib_Lcd.c,187 :: 		
0x0101	0x2913      	GOTO       L_Lcd_Out11
;__Lib_Lcd.c,188 :: 		
L_Lcd_Out13:
0x0102	0x3080      	MOVLW      128
0x0103	0x1683      	BSF        STATUS, 5
0x0104	0x1303      	BCF        STATUS, 6
0x0105	0x00D3      	MOVWF      FARG_Lcd_Out_row
0x0106	0x2926      	GOTO       L_Lcd_Out12
;__Lib_Lcd.c,189 :: 		
L_Lcd_Out14:
0x0107	0x30C0      	MOVLW      192
0x0108	0x00D3      	MOVWF      FARG_Lcd_Out_row
0x0109	0x2926      	GOTO       L_Lcd_Out12
;__Lib_Lcd.c,190 :: 		
L_Lcd_Out15:
0x010A	0x3094      	MOVLW      148
0x010B	0x00D3      	MOVWF      FARG_Lcd_Out_row
0x010C	0x2926      	GOTO       L_Lcd_Out12
;__Lib_Lcd.c,191 :: 		
L_Lcd_Out16:
0x010D	0x30D4      	MOVLW      212
0x010E	0x00D3      	MOVWF      FARG_Lcd_Out_row
0x010F	0x2926      	GOTO       L_Lcd_Out12
;__Lib_Lcd.c,192 :: 		
L_Lcd_Out17:
0x0110	0x3080      	MOVLW      128
0x0111	0x00D3      	MOVWF      FARG_Lcd_Out_row
;__Lib_Lcd.c,193 :: 		
0x0112	0x2926      	GOTO       L_Lcd_Out12
L_Lcd_Out11:
0x0113	0x1683      	BSF        STATUS, 5
0x0114	0x1303      	BCF        STATUS, 6
0x0115	0x0853      	MOVF       FARG_Lcd_Out_row, 0
0x0116	0x3A01      	XORLW      1
0x0117	0x1903      	BTFSC      STATUS, 2
0x0118	0x2902      	GOTO       L_Lcd_Out13
0x0119	0x0853      	MOVF       FARG_Lcd_Out_row, 0
0x011A	0x3A02      	XORLW      2
0x011B	0x1903      	BTFSC      STATUS, 2
0x011C	0x2907      	GOTO       L_Lcd_Out14
0x011D	0x0853      	MOVF       FARG_Lcd_Out_row, 0
0x011E	0x3A03      	XORLW      3
0x011F	0x1903      	BTFSC      STATUS, 2
0x0120	0x290A      	GOTO       L_Lcd_Out15
0x0121	0x0853      	MOVF       FARG_Lcd_Out_row, 0
0x0122	0x3A04      	XORLW      4
0x0123	0x1903      	BTFSC      STATUS, 2
0x0124	0x290D      	GOTO       L_Lcd_Out16
0x0125	0x2910      	GOTO       L_Lcd_Out17
L_Lcd_Out12:
;__Lib_Lcd.c,194 :: 		
0x0126	0x0354      	DECF       FARG_Lcd_Out_column, 0
0x0127	0x00F0      	MOVWF      R0
0x0128	0x0853      	MOVF       FARG_Lcd_Out_row, 0
0x0129	0x07F0      	ADDWF      R0, 1
0x012A	0x0870      	MOVF       R0, 0
0x012B	0x00D3      	MOVWF      FARG_Lcd_Out_row
;__Lib_Lcd.c,196 :: 		
0x012C	0x0870      	MOVF       R0, 0
0x012D	0x00D8      	MOVWF      FARG_Lcd_Cmd_out_char
0x012E	0x2044      	CALL       _Lcd_Cmd
;__Lib_Lcd.c,197 :: 		
0x012F	0x1683      	BSF        STATUS, 5
0x0130	0x1050      	BCF        __Lib_Lcd_cmd_status, BitPos(__Lib_Lcd_cmd_status+0)
;__Lib_Lcd.c,198 :: 		
0x0131	0x01D6      	CLRF       Lcd_Out_i_L0
;__Lib_Lcd.c,199 :: 		
L_Lcd_Out18:
0x0132	0x0856      	MOVF       Lcd_Out_i_L0, 0
0x0133	0x0755      	ADDWF      FARG_Lcd_Out_text, 0
0x0134	0x0084      	MOVWF      FSR
0x0135	0x0800      	MOVF       INDF, 0
0x0136	0x1903      	BTFSC      STATUS, 2
0x0137	0x2940      	GOTO       L_Lcd_Out19
;__Lib_Lcd.c,200 :: 		
0x0138	0x0856      	MOVF       Lcd_Out_i_L0, 0
0x0139	0x0755      	ADDWF      FARG_Lcd_Out_text, 0
0x013A	0x0084      	MOVWF      FSR
0x013B	0x0800      	MOVF       INDF, 0
0x013C	0x00D7      	MOVWF      FARG_Lcd_Chr_CP_out_char
0x013D	0x20A9      	CALL       _Lcd_Chr_CP
0x013E	0x0AD6      	INCF       Lcd_Out_i_L0, 1
0x013F	0x2932      	GOTO       L_Lcd_Out18
L_Lcd_Out19:
;__Lib_Lcd.c,201 :: 		
0x0140	0x1450      	BSF        __Lib_Lcd_cmd_status, BitPos(__Lib_Lcd_cmd_status+0)
;__Lib_Lcd.c,202 :: 		
L_end_Lcd_Out:
0x0141	0x0008      	RETURN
; end of _Lcd_Out
___CC2DW:
;__Lib_System.c,134 :: 		
;__Lib_System.c,137 :: 		
_CC2D_Loop1:
;__Lib_System.c,139 :: 		
0x0142	0x20A2      	CALL       _____DoICP
0x0143	0x118A      	BCF        PCLATH, 3
0x0144	0x120A      	BCF        PCLATH, 4
;__Lib_System.c,141 :: 		
0x0145	0x0080      	MOVWF      INDF
;__Lib_System.c,142 :: 		
0x0146	0x0A84      	INCF       FSR, 1
;__Lib_System.c,143 :: 		
0x0147	0x0ACE      	INCF       ___DoICPAddr, 1
;__Lib_System.c,145 :: 		
0x0148	0x1903      	BTFSC      STATUS, 2
;__Lib_System.c,146 :: 		
0x0149	0x0ACF      	INCF       ___DoICPAddr+1, 1
;__Lib_System.c,147 :: 		
0x014A	0x03F0      	DECF       R0, 1
;__Lib_System.c,149 :: 		
0x014B	0x1D03      	BTFSS      STATUS, 2
;__Lib_System.c,150 :: 		
0x014C	0x2942      	GOTO       _CC2D_Loop1
;__Lib_System.c,152 :: 		
L_end___CC2DW:
0x014D	0x0008      	RETURN
; end of ___CC2DW
_main:
0x014E	0x22F4      	CALL       756
;R4_P2.c,40 :: 		void main()
;R4_P2.c,42 :: 		TRISB = 0x00;                 //Configura a porta B como saída digital
0x014F	0x1683      	BSF        STATUS, 5
0x0150	0x1303      	BCF        STATUS, 6
0x0151	0x0186      	CLRF       TRISB
;R4_P2.c,43 :: 		TRISC = 0x00;                 //Configura a porta C como saída digital
0x0152	0x0187      	CLRF       TRISC
;R4_P2.c,44 :: 		PORTB = 0;                     //Ao energizar, incializa com 0 no PORTB
0x0153	0x1283      	BCF        STATUS, 5
0x0154	0x0186      	CLRF       PORTB
;R4_P2.c,46 :: 		Lcd_Init();                       //Iniciliza o LCD
0x0155	0x20B2      	CALL       _Lcd_Init
;R4_P2.c,47 :: 		Lcd_Cmd(_LCD_CLEAR);                  //Limpa todos os caracteres do LCD
0x0156	0x3001      	MOVLW      1
0x0157	0x00D8      	MOVWF      FARG_Lcd_Cmd_out_char
0x0158	0x2044      	CALL       _Lcd_Cmd
;R4_P2.c,48 :: 		Lcd_Cmd(_LCD_CURSOR_OFF);     //Desabilita cursor piscando no LCD
0x0159	0x300C      	MOVLW      12
0x015A	0x1683      	BSF        STATUS, 5
0x015B	0x00D8      	MOVWF      FARG_Lcd_Cmd_out_char
0x015C	0x2044      	CALL       _Lcd_Cmd
;R4_P2.c,51 :: 		Lcd_Out(1,1,"   Pratica 8   ");
0x015D	0x3001      	MOVLW      1
0x015E	0x1683      	BSF        STATUS, 5
0x015F	0x00D3      	MOVWF      FARG_Lcd_Out_row
0x0160	0x3001      	MOVLW      1
0x0161	0x00D4      	MOVWF      FARG_Lcd_Out_column
0x0162	0x3031      	MOVLW      ?lstr1_R4_P2
0x0163	0x00D5      	MOVWF      FARG_Lcd_Out_text
0x0164	0x2101      	CALL       _Lcd_Out
;R4_P2.c,52 :: 		Lcd_Out(2,1,"Eng. Computacao");
0x0165	0x3002      	MOVLW      2
0x0166	0x00D3      	MOVWF      FARG_Lcd_Out_row
0x0167	0x3001      	MOVLW      1
0x0168	0x00D4      	MOVWF      FARG_Lcd_Out_column
0x0169	0x3021      	MOVLW      ?lstr2_R4_P2
0x016A	0x00D5      	MOVWF      FARG_Lcd_Out_text
0x016B	0x2101      	CALL       _Lcd_Out
;R4_P2.c,53 :: 		Delay_ms(1000);
0x016C	0x3006      	MOVLW      6
0x016D	0x00FB      	MOVWF      R11
0x016E	0x3013      	MOVLW      19
0x016F	0x00FC      	MOVWF      R12
0x0170	0x30AD      	MOVLW      173
0x0171	0x00FD      	MOVWF      R13
L_main2:
0x0172	0x0BFD      	DECFSZ     R13, 1
0x0173	0x2972      	GOTO       L_main2
0x0174	0x0BFC      	DECFSZ     R12, 1
0x0175	0x2972      	GOTO       L_main2
0x0176	0x0BFB      	DECFSZ     R11, 1
0x0177	0x2972      	GOTO       L_main2
0x0178	0x0000      	NOP
0x0179	0x0000      	NOP
;R4_P2.c,54 :: 		for (i=0; i<15; i++)
0x017A	0x1283      	BCF        STATUS, 5
0x017B	0x01C1      	CLRF       _i
L_main3:
0x017C	0x3080      	MOVLW      128
0x017D	0x0641      	XORWF      _i, 0
0x017E	0x00F0      	MOVWF      R0
0x017F	0x3080      	MOVLW      128
0x0180	0x3A0F      	XORLW      15
0x0181	0x0270      	SUBWF      R0, 0
0x0182	0x1803      	BTFSC      STATUS, 0
0x0183	0x2997      	GOTO       L_main4
;R4_P2.c,56 :: 		Lcd_Cmd(_LCD_SHIFT_LEFT);
0x0184	0x3018      	MOVLW      24
0x0185	0x1683      	BSF        STATUS, 5
0x0186	0x00D8      	MOVWF      FARG_Lcd_Cmd_out_char
0x0187	0x2044      	CALL       _Lcd_Cmd
;R4_P2.c,57 :: 		Delay_ms(200);
0x0188	0x3002      	MOVLW      2
0x0189	0x00FB      	MOVWF      R11
0x018A	0x3004      	MOVLW      4
0x018B	0x00FC      	MOVWF      R12
0x018C	0x30BA      	MOVLW      186
0x018D	0x00FD      	MOVWF      R13
L_main6:
0x018E	0x0BFD      	DECFSZ     R13, 1
0x018F	0x298E      	GOTO       L_main6
0x0190	0x0BFC      	DECFSZ     R12, 1
0x0191	0x298E      	GOTO       L_main6
0x0192	0x0BFB      	DECFSZ     R11, 1
0x0193	0x298E      	GOTO       L_main6
0x0194	0x0000      	NOP
;R4_P2.c,54 :: 		for (i=0; i<15; i++)
0x0195	0x0AC1      	INCF       _i, 1
;R4_P2.c,58 :: 		}
0x0196	0x297C      	GOTO       L_main3
L_main4:
;R4_P2.c,59 :: 		for (i=0; i<15; i++)
0x0197	0x01C1      	CLRF       _i
L_main7:
0x0198	0x3080      	MOVLW      128
0x0199	0x0641      	XORWF      _i, 0
0x019A	0x00F0      	MOVWF      R0
0x019B	0x3080      	MOVLW      128
0x019C	0x3A0F      	XORLW      15
0x019D	0x0270      	SUBWF      R0, 0
0x019E	0x1803      	BTFSC      STATUS, 0
0x019F	0x29B3      	GOTO       L_main8
;R4_P2.c,61 :: 		Lcd_Cmd(_LCD_SHIFT_RIGHT);
0x01A0	0x301C      	MOVLW      28
0x01A1	0x1683      	BSF        STATUS, 5
0x01A2	0x00D8      	MOVWF      FARG_Lcd_Cmd_out_char
0x01A3	0x2044      	CALL       _Lcd_Cmd
;R4_P2.c,62 :: 		Delay_ms(200);
0x01A4	0x3002      	MOVLW      2
0x01A5	0x00FB      	MOVWF      R11
0x01A6	0x3004      	MOVLW      4
0x01A7	0x00FC      	MOVWF      R12
0x01A8	0x30BA      	MOVLW      186
0x01A9	0x00FD      	MOVWF      R13
L_main10:
0x01AA	0x0BFD      	DECFSZ     R13, 1
0x01AB	0x29AA      	GOTO       L_main10
0x01AC	0x0BFC      	DECFSZ     R12, 1
0x01AD	0x29AA      	GOTO       L_main10
0x01AE	0x0BFB      	DECFSZ     R11, 1
0x01AF	0x29AA      	GOTO       L_main10
0x01B0	0x0000      	NOP
;R4_P2.c,59 :: 		for (i=0; i<15; i++)
0x01B1	0x0AC1      	INCF       _i, 1
;R4_P2.c,63 :: 		}
0x01B2	0x2998      	GOTO       L_main7
L_main8:
;R4_P2.c,64 :: 		Delay_ms(1000);
0x01B3	0x3006      	MOVLW      6
0x01B4	0x00FB      	MOVWF      R11
0x01B5	0x3013      	MOVLW      19
0x01B6	0x00FC      	MOVWF      R12
0x01B7	0x30AD      	MOVLW      173
0x01B8	0x00FD      	MOVWF      R13
L_main11:
0x01B9	0x0BFD      	DECFSZ     R13, 1
0x01BA	0x29B9      	GOTO       L_main11
0x01BB	0x0BFC      	DECFSZ     R12, 1
0x01BC	0x29B9      	GOTO       L_main11
0x01BD	0x0BFB      	DECFSZ     R11, 1
0x01BE	0x29B9      	GOTO       L_main11
0x01BF	0x0000      	NOP
0x01C0	0x0000      	NOP
;R4_P2.c,65 :: 		Lcd_Cmd(_LCD_CLEAR);
0x01C1	0x3001      	MOVLW      1
0x01C2	0x1683      	BSF        STATUS, 5
0x01C3	0x00D8      	MOVWF      FARG_Lcd_Cmd_out_char
0x01C4	0x2044      	CALL       _Lcd_Cmd
;R4_P2.c,66 :: 		Lcd_Out(1,1,"  Sequenciador  ");
0x01C5	0x3001      	MOVLW      1
0x01C6	0x1683      	BSF        STATUS, 5
0x01C7	0x00D3      	MOVWF      FARG_Lcd_Out_row
0x01C8	0x3001      	MOVLW      1
0x01C9	0x00D4      	MOVWF      FARG_Lcd_Out_column
0x01CA	0x3042      	MOVLW      ?lstr3_R4_P2
0x01CB	0x00D5      	MOVWF      FARG_Lcd_Out_text
0x01CC	0x2101      	CALL       _Lcd_Out
;R4_P2.c,68 :: 		OPTION_REG.T0CS = 0;    //BIT 5 Fonte de referência - CLK Interno
0x01CD	0x1281      	BCF        OPTION_REG, 5
;R4_P2.c,69 :: 		OPTION_REG.T0SE = 0;    //BIT 4 Transição do Timer0 Borda subida
0x01CE	0x1201      	BCF        OPTION_REG, 4
;R4_P2.c,70 :: 		OPTION_REG.PSA = 0;     //BIT 3 Seleciona o Prescaler parao T0
0x01CF	0x1181      	BCF        OPTION_REG, 3
;R4_P2.c,71 :: 		OPTION_REG.PS2 = 1;
0x01D0	0x1501      	BSF        OPTION_REG, 2
;R4_P2.c,72 :: 		OPTION_REG.PS1 = 0;
0x01D1	0x1081      	BCF        OPTION_REG, 1
;R4_P2.c,73 :: 		OPTION_REG.PS0 = 1;      //BIT 2-0 Taxa de divisão PESCALER 011 (1:64)
0x01D2	0x1401      	BSF        OPTION_REG, 0
;R4_P2.c,74 :: 		TMR0 = 131;                       //Inicia o contador do T0 com 131
0x01D3	0x3083      	MOVLW      131
0x01D4	0x1283      	BCF        STATUS, 5
0x01D5	0x0081      	MOVWF      TMR0
;R4_P2.c,76 :: 		INTCON = 0b00000000;     //Limpa o registro de controle de Interrupção
0x01D6	0x018B      	CLRF       INTCON
;R4_P2.c,77 :: 		INTCON.TMR0IE = 1;        //BIT 5 Habilita interrupção do T0 Overflow
0x01D7	0x168B      	BSF        INTCON, 5
;R4_P2.c,78 :: 		INTCON.TMR0IF = 0;        //BIT 2 Limpa indicador de interrupção por T0
0x01D8	0x110B      	BCF        INTCON, 2
;R4_P2.c,79 :: 		INTCON.GIE = 1;               //BIT 7 Habilita interrupção Global
0x01D9	0x178B      	BSF        INTCON, 7
;R4_P2.c,81 :: 		for (;;)
L_main12:
;R4_P2.c,83 :: 		if (fim_1s)  //Passou 1s ?
0x01DA	0x1683      	BSF        STATUS, 5
0x01DB	0x1CD0      	BTFSS      _fim_1s, BitPos(_fim_1s+0)
0x01DC	0x2A70      	GOTO       L_main15
;R4_P2.c,85 :: 		fim_1s = 0;
0x01DD	0x10D0      	BCF        _fim_1s, BitPos(_fim_1s+0)
;R4_P2.c,86 :: 		switch (sel_saida)
0x01DE	0x2A50      	GOTO       L_main16
;R4_P2.c,88 :: 		case 1: Lcd_Out(2,5,"00000001");
L_main18:
0x01DF	0x3002      	MOVLW      2
0x01E0	0x00D3      	MOVWF      FARG_Lcd_Out_row
0x01E1	0x3005      	MOVLW      5
0x01E2	0x00D4      	MOVWF      FARG_Lcd_Out_column
0x01E3	0x30A9      	MOVLW      ?lstr4_R4_P2
0x01E4	0x00D5      	MOVWF      FARG_Lcd_Out_text
0x01E5	0x2101      	CALL       _Lcd_Out
;R4_P2.c,89 :: 		PORTB = 1;
0x01E6	0x3001      	MOVLW      1
0x01E7	0x1283      	BCF        STATUS, 5
0x01E8	0x0086      	MOVWF      PORTB
;R4_P2.c,90 :: 		PORTC.RC1 = 1;
0x01E9	0x1487      	BSF        PORTC, 1
;R4_P2.c,91 :: 		sel_saida++;
0x01EA	0x1683      	BSF        STATUS, 5
0x01EB	0x0AB2      	INCF       _sel_saida, 1
;R4_P2.c,92 :: 		break;
0x01EC	0x2A70      	GOTO       L_main17
;R4_P2.c,94 :: 		case 2: Lcd_Out(2,5,"00000010");
L_main19:
0x01ED	0x3002      	MOVLW      2
0x01EE	0x00D3      	MOVWF      FARG_Lcd_Out_row
0x01EF	0x3005      	MOVLW      5
0x01F0	0x00D4      	MOVWF      FARG_Lcd_Out_column
0x01F1	0x30C5      	MOVLW      ?lstr5_R4_P2
0x01F2	0x00D5      	MOVWF      FARG_Lcd_Out_text
0x01F3	0x2101      	CALL       _Lcd_Out
;R4_P2.c,95 :: 		PORTB = 2;
0x01F4	0x3002      	MOVLW      2
0x01F5	0x1283      	BCF        STATUS, 5
0x01F6	0x0086      	MOVWF      PORTB
;R4_P2.c,96 :: 		PORTC.RC1 = 0;
0x01F7	0x1087      	BCF        PORTC, 1
;R4_P2.c,97 :: 		sel_saida++;
0x01F8	0x1683      	BSF        STATUS, 5
0x01F9	0x0AB2      	INCF       _sel_saida, 1
;R4_P2.c,98 :: 		break;
0x01FA	0x2A70      	GOTO       L_main17
;R4_P2.c,100 :: 		case 3: Lcd_Out(2,5,"00000100");
L_main20:
0x01FB	0x3002      	MOVLW      2
0x01FC	0x00D3      	MOVWF      FARG_Lcd_Out_row
0x01FD	0x3005      	MOVLW      5
0x01FE	0x00D4      	MOVWF      FARG_Lcd_Out_column
0x01FF	0x30BC      	MOVLW      ?lstr6_R4_P2
0x0200	0x00D5      	MOVWF      FARG_Lcd_Out_text
0x0201	0x2101      	CALL       _Lcd_Out
;R4_P2.c,101 :: 		PORTB = 4;
0x0202	0x3004      	MOVLW      4
0x0203	0x1283      	BCF        STATUS, 5
0x0204	0x0086      	MOVWF      PORTB
;R4_P2.c,102 :: 		PORTC.RC1 = 1;
0x0205	0x1487      	BSF        PORTC, 1
;R4_P2.c,103 :: 		sel_saida++;
0x0206	0x1683      	BSF        STATUS, 5
0x0207	0x0AB2      	INCF       _sel_saida, 1
;R4_P2.c,104 :: 		break;
0x0208	0x2A70      	GOTO       L_main17
;R4_P2.c,106 :: 		case 4: Lcd_Out(2,5,"00001000");
L_main21:
0x0209	0x3002      	MOVLW      2
0x020A	0x00D3      	MOVWF      FARG_Lcd_Out_row
0x020B	0x3005      	MOVLW      5
0x020C	0x00D4      	MOVWF      FARG_Lcd_Out_column
0x020D	0x30B3      	MOVLW      ?lstr7_R4_P2
0x020E	0x00D5      	MOVWF      FARG_Lcd_Out_text
0x020F	0x2101      	CALL       _Lcd_Out
;R4_P2.c,107 :: 		PORTB = 8;
0x0210	0x3008      	MOVLW      8
0x0211	0x1283      	BCF        STATUS, 5
0x0212	0x0086      	MOVWF      PORTB
;R4_P2.c,108 :: 		RC1_bit = 0;
0x0213	0x1087      	BCF        RC1_bit, BitPos(RC1_bit+0)
;R4_P2.c,109 :: 		sel_saida++;
0x0214	0x1683      	BSF        STATUS, 5
0x0215	0x0AB2      	INCF       _sel_saida, 1
;R4_P2.c,110 :: 		break;
0x0216	0x2A70      	GOTO       L_main17
;R4_P2.c,112 :: 		case 5: Lcd_Out(2,5,"00010000");
L_main22:
0x0217	0x3002      	MOVLW      2
0x0218	0x00D3      	MOVWF      FARG_Lcd_Out_row
0x0219	0x3005      	MOVLW      5
0x021A	0x00D4      	MOVWF      FARG_Lcd_Out_column
0x021B	0x3065      	MOVLW      ?lstr8_R4_P2
0x021C	0x00D5      	MOVWF      FARG_Lcd_Out_text
0x021D	0x2101      	CALL       _Lcd_Out
;R4_P2.c,113 :: 		PORTB = 16;
0x021E	0x3010      	MOVLW      16
0x021F	0x1283      	BCF        STATUS, 5
0x0220	0x0086      	MOVWF      PORTB
;R4_P2.c,114 :: 		RC1_bit = 1;
0x0221	0x1487      	BSF        RC1_bit, BitPos(RC1_bit+0)
;R4_P2.c,115 :: 		sel_saida++;
0x0222	0x1683      	BSF        STATUS, 5
0x0223	0x0AB2      	INCF       _sel_saida, 1
;R4_P2.c,116 :: 		break;
0x0224	0x2A70      	GOTO       L_main17
;R4_P2.c,118 :: 		case 6: Lcd_Out(2,5,"00100000");
L_main23:
0x0225	0x3002      	MOVLW      2
0x0226	0x00D3      	MOVWF      FARG_Lcd_Out_row
0x0227	0x3005      	MOVLW      5
0x0228	0x00D4      	MOVWF      FARG_Lcd_Out_column
0x0229	0x305C      	MOVLW      ?lstr9_R4_P2
0x022A	0x00D5      	MOVWF      FARG_Lcd_Out_text
0x022B	0x2101      	CALL       _Lcd_Out
;R4_P2.c,119 :: 		PORTB = 32;
0x022C	0x3020      	MOVLW      32
0x022D	0x1283      	BCF        STATUS, 5
0x022E	0x0086      	MOVWF      PORTB
;R4_P2.c,120 :: 		RC1_bit = 0;
0x022F	0x1087      	BCF        RC1_bit, BitPos(RC1_bit+0)
;R4_P2.c,121 :: 		sel_saida++;
0x0230	0x1683      	BSF        STATUS, 5
0x0231	0x0AB2      	INCF       _sel_saida, 1
;R4_P2.c,122 :: 		break;
0x0232	0x2A70      	GOTO       L_main17
;R4_P2.c,124 :: 		case 7: Lcd_Out(2,5,"01000000");
L_main24:
0x0233	0x3002      	MOVLW      2
0x0234	0x00D3      	MOVWF      FARG_Lcd_Out_row
0x0235	0x3005      	MOVLW      5
0x0236	0x00D4      	MOVWF      FARG_Lcd_Out_column
0x0237	0x3053      	MOVLW      ?lstr10_R4_P2
0x0238	0x00D5      	MOVWF      FARG_Lcd_Out_text
0x0239	0x2101      	CALL       _Lcd_Out
;R4_P2.c,125 :: 		PORTB = 64;
0x023A	0x3040      	MOVLW      64
0x023B	0x1283      	BCF        STATUS, 5
0x023C	0x0086      	MOVWF      PORTB
;R4_P2.c,126 :: 		RC1_bit = 1;
0x023D	0x1487      	BSF        RC1_bit, BitPos(RC1_bit+0)
;R4_P2.c,127 :: 		sel_saida++;
0x023E	0x1683      	BSF        STATUS, 5
0x023F	0x0AB2      	INCF       _sel_saida, 1
;R4_P2.c,128 :: 		break;
0x0240	0x2A70      	GOTO       L_main17
;R4_P2.c,130 :: 		case 8: Lcd_Out(2,5,"10000000");
L_main25:
0x0241	0x3002      	MOVLW      2
0x0242	0x00D3      	MOVWF      FARG_Lcd_Out_row
0x0243	0x3005      	MOVLW      5
0x0244	0x00D4      	MOVWF      FARG_Lcd_Out_column
0x0245	0x30A0      	MOVLW      ?lstr11_R4_P2
0x0246	0x00D5      	MOVWF      FARG_Lcd_Out_text
0x0247	0x2101      	CALL       _Lcd_Out
;R4_P2.c,131 :: 		PORTB = 128;
0x0248	0x3080      	MOVLW      128
0x0249	0x1283      	BCF        STATUS, 5
0x024A	0x0086      	MOVWF      PORTB
;R4_P2.c,132 :: 		RC1_bit = 0;
0x024B	0x1087      	BCF        RC1_bit, BitPos(RC1_bit+0)
;R4_P2.c,133 :: 		sel_saida = 1;
0x024C	0x3001      	MOVLW      1
0x024D	0x1683      	BSF        STATUS, 5
0x024E	0x00B2      	MOVWF      _sel_saida
;R4_P2.c,134 :: 		break;
0x024F	0x2A70      	GOTO       L_main17
;R4_P2.c,135 :: 		}
L_main16:
0x0250	0x0832      	MOVF       _sel_saida, 0
0x0251	0x3A01      	XORLW      1
0x0252	0x1903      	BTFSC      STATUS, 2
0x0253	0x29DF      	GOTO       L_main18
0x0254	0x0832      	MOVF       _sel_saida, 0
0x0255	0x3A02      	XORLW      2
0x0256	0x1903      	BTFSC      STATUS, 2
0x0257	0x29ED      	GOTO       L_main19
0x0258	0x0832      	MOVF       _sel_saida, 0
0x0259	0x3A03      	XORLW      3
0x025A	0x1903      	BTFSC      STATUS, 2
0x025B	0x29FB      	GOTO       L_main20
0x025C	0x0832      	MOVF       _sel_saida, 0
0x025D	0x3A04      	XORLW      4
0x025E	0x1903      	BTFSC      STATUS, 2
0x025F	0x2A09      	GOTO       L_main21
0x0260	0x0832      	MOVF       _sel_saida, 0
0x0261	0x3A05      	XORLW      5
0x0262	0x1903      	BTFSC      STATUS, 2
0x0263	0x2A17      	GOTO       L_main22
0x0264	0x0832      	MOVF       _sel_saida, 0
0x0265	0x3A06      	XORLW      6
0x0266	0x1903      	BTFSC      STATUS, 2
0x0267	0x2A25      	GOTO       L_main23
0x0268	0x0832      	MOVF       _sel_saida, 0
0x0269	0x3A07      	XORLW      7
0x026A	0x1903      	BTFSC      STATUS, 2
0x026B	0x2A33      	GOTO       L_main24
0x026C	0x0832      	MOVF       _sel_saida, 0
0x026D	0x3A08      	XORLW      8
0x026E	0x1903      	BTFSC      STATUS, 2
0x026F	0x2A41      	GOTO       L_main25
L_main17:
;R4_P2.c,136 :: 		}
L_main15:
;R4_P2.c,137 :: 		}
0x0270	0x29DA      	GOTO       L_main12
;R4_P2.c,138 :: 		}
L_end_main:
0x0271	0x2A71      	GOTO       $+0
; end of _main
0x02F4	0x3021      	MOVLW      33
0x02F5	0x0084      	MOVWF      FSR
0x02F6	0x304F      	MOVLW      79
0x02F7	0x1283      	BCF        STATUS, 5
0x02F8	0x1303      	BCF        STATUS, 6
0x02F9	0x00F0      	MOVWF      R0
0x02FA	0x3077      	MOVLW      119
0x02FB	0x1683      	BSF        STATUS, 5
0x02FC	0x00CE      	MOVWF      ___DoICPAddr
0x02FD	0x3002      	MOVLW      2
0x02FE	0x00CF      	MOVWF      207
0x02FF	0x2142      	CALL       322
0x0300	0x30A0      	MOVLW      160
0x0301	0x0084      	MOVWF      FSR
0x0302	0x302E      	MOVLW      46
0x0303	0x1303      	BCF        STATUS, 6
0x0304	0x00F0      	MOVWF      R0
0x0305	0x30C6      	MOVLW      198
0x0306	0x1683      	BSF        STATUS, 5
0x0307	0x00CE      	MOVWF      ___DoICPAddr
0x0308	0x3002      	MOVLW      2
0x0309	0x00CF      	MOVWF      207
0x030A	0x2142      	CALL       322
0x030B	0x0008      	RETURN
;R4_P2.c,0 :: ?ICS?lstr2_R4_P2
0x0277	0x3445 ;?ICS?lstr2_R4_P2+0
0x0278	0x346E ;?ICS?lstr2_R4_P2+1
0x0279	0x3467 ;?ICS?lstr2_R4_P2+2
0x027A	0x342E ;?ICS?lstr2_R4_P2+3
0x027B	0x3420 ;?ICS?lstr2_R4_P2+4
0x027C	0x3443 ;?ICS?lstr2_R4_P2+5
0x027D	0x346F ;?ICS?lstr2_R4_P2+6
0x027E	0x346D ;?ICS?lstr2_R4_P2+7
0x027F	0x3470 ;?ICS?lstr2_R4_P2+8
0x0280	0x3475 ;?ICS?lstr2_R4_P2+9
0x0281	0x3474 ;?ICS?lstr2_R4_P2+10
0x0282	0x3461 ;?ICS?lstr2_R4_P2+11
0x0283	0x3463 ;?ICS?lstr2_R4_P2+12
0x0284	0x3461 ;?ICS?lstr2_R4_P2+13
0x0285	0x346F ;?ICS?lstr2_R4_P2+14
0x0286	0x3400 ;?ICS?lstr2_R4_P2+15
; end of ?ICS?lstr2_R4_P2
;R4_P2.c,0 :: ?ICS?lstr1_R4_P2
0x0287	0x3420 ;?ICS?lstr1_R4_P2+0
0x0288	0x3420 ;?ICS?lstr1_R4_P2+1
0x0289	0x3420 ;?ICS?lstr1_R4_P2+2
0x028A	0x3450 ;?ICS?lstr1_R4_P2+3
0x028B	0x3472 ;?ICS?lstr1_R4_P2+4
0x028C	0x3461 ;?ICS?lstr1_R4_P2+5
0x028D	0x3474 ;?ICS?lstr1_R4_P2+6
0x028E	0x3469 ;?ICS?lstr1_R4_P2+7
0x028F	0x3463 ;?ICS?lstr1_R4_P2+8
0x0290	0x3461 ;?ICS?lstr1_R4_P2+9
0x0291	0x3420 ;?ICS?lstr1_R4_P2+10
0x0292	0x3438 ;?ICS?lstr1_R4_P2+11
0x0293	0x3420 ;?ICS?lstr1_R4_P2+12
0x0294	0x3420 ;?ICS?lstr1_R4_P2+13
0x0295	0x3420 ;?ICS?lstr1_R4_P2+14
0x0296	0x3400 ;?ICS?lstr1_R4_P2+15
; end of ?ICS?lstr1_R4_P2
;R4_P2.c,0 :: ?ICS_i
0x0297	0x3400 ;?ICS_i+0
; end of ?ICS_i
;R4_P2.c,0 :: ?ICS?lstr3_R4_P2
0x0298	0x3420 ;?ICS?lstr3_R4_P2+0
0x0299	0x3420 ;?ICS?lstr3_R4_P2+1
0x029A	0x3453 ;?ICS?lstr3_R4_P2+2
0x029B	0x3465 ;?ICS?lstr3_R4_P2+3
0x029C	0x3471 ;?ICS?lstr3_R4_P2+4
0x029D	0x3475 ;?ICS?lstr3_R4_P2+5
0x029E	0x3465 ;?ICS?lstr3_R4_P2+6
0x029F	0x346E ;?ICS?lstr3_R4_P2+7
0x02A0	0x3463 ;?ICS?lstr3_R4_P2+8
0x02A1	0x3469 ;?ICS?lstr3_R4_P2+9
0x02A2	0x3461 ;?ICS?lstr3_R4_P2+10
0x02A3	0x3464 ;?ICS?lstr3_R4_P2+11
0x02A4	0x346F ;?ICS?lstr3_R4_P2+12
0x02A5	0x3472 ;?ICS?lstr3_R4_P2+13
0x02A6	0x3420 ;?ICS?lstr3_R4_P2+14
0x02A7	0x3420 ;?ICS?lstr3_R4_P2+15
0x02A8	0x3400 ;?ICS?lstr3_R4_P2+16
; end of ?ICS?lstr3_R4_P2
;R4_P2.c,0 :: ?ICS?lstr10_R4_P2
0x02A9	0x3430 ;?ICS?lstr10_R4_P2+0
0x02AA	0x3431 ;?ICS?lstr10_R4_P2+1
0x02AB	0x3430 ;?ICS?lstr10_R4_P2+2
0x02AC	0x3430 ;?ICS?lstr10_R4_P2+3
0x02AD	0x3430 ;?ICS?lstr10_R4_P2+4
0x02AE	0x3430 ;?ICS?lstr10_R4_P2+5
0x02AF	0x3430 ;?ICS?lstr10_R4_P2+6
0x02B0	0x3430 ;?ICS?lstr10_R4_P2+7
0x02B1	0x3400 ;?ICS?lstr10_R4_P2+8
; end of ?ICS?lstr10_R4_P2
;R4_P2.c,0 :: ?ICS?lstr9_R4_P2
0x02B2	0x3430 ;?ICS?lstr9_R4_P2+0
0x02B3	0x3430 ;?ICS?lstr9_R4_P2+1
0x02B4	0x3431 ;?ICS?lstr9_R4_P2+2
0x02B5	0x3430 ;?ICS?lstr9_R4_P2+3
0x02B6	0x3430 ;?ICS?lstr9_R4_P2+4
0x02B7	0x3430 ;?ICS?lstr9_R4_P2+5
0x02B8	0x3430 ;?ICS?lstr9_R4_P2+6
0x02B9	0x3430 ;?ICS?lstr9_R4_P2+7
0x02BA	0x3400 ;?ICS?lstr9_R4_P2+8
; end of ?ICS?lstr9_R4_P2
;R4_P2.c,0 :: ?ICS?lstr8_R4_P2
0x02BB	0x3430 ;?ICS?lstr8_R4_P2+0
0x02BC	0x3430 ;?ICS?lstr8_R4_P2+1
0x02BD	0x3430 ;?ICS?lstr8_R4_P2+2
0x02BE	0x3431 ;?ICS?lstr8_R4_P2+3
0x02BF	0x3430 ;?ICS?lstr8_R4_P2+4
0x02C0	0x3430 ;?ICS?lstr8_R4_P2+5
0x02C1	0x3430 ;?ICS?lstr8_R4_P2+6
0x02C2	0x3430 ;?ICS?lstr8_R4_P2+7
0x02C3	0x3400 ;?ICS?lstr8_R4_P2+8
; end of ?ICS?lstr8_R4_P2
;R4_P2.c,0 :: ?ICS_aux_tempo
0x02C4	0x3400 ;?ICS_aux_tempo+0
0x02C5	0x3400 ;?ICS_aux_tempo+1
; end of ?ICS_aux_tempo
;R4_P2.c,0 :: ?ICS?lstr11_R4_P2
0x02C6	0x3431 ;?ICS?lstr11_R4_P2+0
0x02C7	0x3430 ;?ICS?lstr11_R4_P2+1
0x02C8	0x3430 ;?ICS?lstr11_R4_P2+2
0x02C9	0x3430 ;?ICS?lstr11_R4_P2+3
0x02CA	0x3430 ;?ICS?lstr11_R4_P2+4
0x02CB	0x3430 ;?ICS?lstr11_R4_P2+5
0x02CC	0x3430 ;?ICS?lstr11_R4_P2+6
0x02CD	0x3430 ;?ICS?lstr11_R4_P2+7
0x02CE	0x3400 ;?ICS?lstr11_R4_P2+8
; end of ?ICS?lstr11_R4_P2
;R4_P2.c,0 :: ?ICS?lstr4_R4_P2
0x02CF	0x3430 ;?ICS?lstr4_R4_P2+0
0x02D0	0x3430 ;?ICS?lstr4_R4_P2+1
0x02D1	0x3430 ;?ICS?lstr4_R4_P2+2
0x02D2	0x3430 ;?ICS?lstr4_R4_P2+3
0x02D3	0x3430 ;?ICS?lstr4_R4_P2+4
0x02D4	0x3430 ;?ICS?lstr4_R4_P2+5
0x02D5	0x3430 ;?ICS?lstr4_R4_P2+6
0x02D6	0x3431 ;?ICS?lstr4_R4_P2+7
0x02D7	0x3400 ;?ICS?lstr4_R4_P2+8
; end of ?ICS?lstr4_R4_P2
;R4_P2.c,0 :: ?ICS_sel_saida
0x02D8	0x3401 ;?ICS_sel_saida+0
; end of ?ICS_sel_saida
;R4_P2.c,0 :: ?ICS?lstr7_R4_P2
0x02D9	0x3430 ;?ICS?lstr7_R4_P2+0
0x02DA	0x3430 ;?ICS?lstr7_R4_P2+1
0x02DB	0x3430 ;?ICS?lstr7_R4_P2+2
0x02DC	0x3430 ;?ICS?lstr7_R4_P2+3
0x02DD	0x3431 ;?ICS?lstr7_R4_P2+4
0x02DE	0x3430 ;?ICS?lstr7_R4_P2+5
0x02DF	0x3430 ;?ICS?lstr7_R4_P2+6
0x02E0	0x3430 ;?ICS?lstr7_R4_P2+7
0x02E1	0x3400 ;?ICS?lstr7_R4_P2+8
; end of ?ICS?lstr7_R4_P2
;R4_P2.c,0 :: ?ICS?lstr6_R4_P2
0x02E2	0x3430 ;?ICS?lstr6_R4_P2+0
0x02E3	0x3430 ;?ICS?lstr6_R4_P2+1
0x02E4	0x3430 ;?ICS?lstr6_R4_P2+2
0x02E5	0x3430 ;?ICS?lstr6_R4_P2+3
0x02E6	0x3430 ;?ICS?lstr6_R4_P2+4
0x02E7	0x3431 ;?ICS?lstr6_R4_P2+5
0x02E8	0x3430 ;?ICS?lstr6_R4_P2+6
0x02E9	0x3430 ;?ICS?lstr6_R4_P2+7
0x02EA	0x3400 ;?ICS?lstr6_R4_P2+8
; end of ?ICS?lstr6_R4_P2
;R4_P2.c,0 :: ?ICS?lstr5_R4_P2
0x02EB	0x3430 ;?ICS?lstr5_R4_P2+0
0x02EC	0x3430 ;?ICS?lstr5_R4_P2+1
0x02ED	0x3430 ;?ICS?lstr5_R4_P2+2
0x02EE	0x3430 ;?ICS?lstr5_R4_P2+3
0x02EF	0x3430 ;?ICS?lstr5_R4_P2+4
0x02F0	0x3430 ;?ICS?lstr5_R4_P2+5
0x02F1	0x3431 ;?ICS?lstr5_R4_P2+6
0x02F2	0x3430 ;?ICS?lstr5_R4_P2+7
0x02F3	0x3400 ;?ICS?lstr5_R4_P2+8
; end of ?ICS?lstr5_R4_P2
Symbol List:
//** Routines locations **
//ADDRESS    SIZE    PROCEDURE
//----------------------------------------------
0x0004      [43]    _interrupt
0x002F       [8]    _Delay_50us
0x0037      [11]    _Delay_5500us
0x0042       [2]    _Delay_1us
0x0044      [94]    _Lcd_Cmd
0x00A2       [7]    _____DoICP
0x00A9       [9]    _Lcd_Chr_CP
0x00B2      [79]    _Lcd_Init
0x0101      [65]    _Lcd_Out
0x0142      [12]    ___CC2DW
0x014E     [291]    _main
//** Variables locations ** 
//ADDRESS    SIZE    VARIABLE
//----------------------------------------------
0x0000       [1]    INDF
0x0001       [1]    TMR0
0x0002       [1]    PCL
0x0003       [1]    STATUS
0x0004       [1]    FSR
0x0006       [1]    PORTB
0x0007       [0]    LCD_EN
0x0007       [0]    LCD_RS
0x0007       [0]    LCD_D4
0x0007       [0]    LCD_D5
0x0007       [1]    PORTC
0x0007       [0]    RC4_bit
0x0007       [0]    RC3_bit
0x0007       [0]    RC7_bit
0x0007       [0]    RC6_bit
0x0007       [0]    RC5_bit
0x0007       [0]    LCD_D7
0x0007       [0]    LCD_D6
0x0007       [0]    RC2_bit
0x0007       [0]    RC1_bit
0x000A       [1]    PCLATH
0x000B       [1]    INTCON
0x0021      [16]    ?lstr2_R4_P2
0x0031      [16]    ?lstr1_R4_P2
0x0041       [1]    _i
0x0042      [17]    ?lstr3_R4_P2
0x0053       [9]    ?lstr10_R4_P2
0x005C       [9]    ?lstr9_R4_P2
0x0065       [9]    ?lstr8_R4_P2
0x006E       [2]    _aux_tempo
0x0070       [1]    R0
0x0071       [1]    R1
0x0072       [1]    R2
0x0073       [1]    R3
0x0074       [1]    R4
0x0075       [1]    R5
0x0076       [1]    R6
0x0077       [1]    R7
0x0078       [1]    R8
0x0079       [1]    R9
0x007A       [1]    R10
0x007B       [1]    R11
0x007C       [1]    R12
0x007D       [1]    R13
0x007E       [1]    R14
0x007F       [1]    R15
0x0081       [1]    OPTION_REG
0x0086       [1]    TRISB
0x0087       [1]    TRISC
0x0087       [0]    TRISC6_bit
0x0087       [0]    TRISC7_bit
0x0087       [0]    LCD_D4_Direction
0x0087       [0]    TRISC4_bit
0x0087       [0]    LCD_EN_Direction
0x0087       [0]    LCD_D7_Direction
0x0087       [0]    LCD_D6_Direction
0x0087       [0]    LCD_D5_Direction
0x0087       [0]    TRISC3_bit
0x0087       [0]    TRISC5_bit
0x0087       [0]    TRISC2_bit
0x0087       [0]    LCD_RS_Direction
0x00A0       [9]    ?lstr11_R4_P2
0x00A9       [9]    ?lstr4_R4_P2
0x00B2       [1]    _sel_saida
0x00B3       [9]    ?lstr7_R4_P2
0x00BC       [9]    ?lstr6_R4_P2
0x00C5       [9]    ?lstr5_R4_P2
0x00CE       [2]    ___DoICPAddr
0x00D0       [0]    __Lib_Lcd_cmd_status
0x00D0       [0]    _fim_1s
0x00D1       [1]    ___saveSTATUS
0x00D2       [1]    ___savePCLATH
0x00D3       [1]    FARG_Lcd_Out_row
0x00D4       [1]    FARG_Lcd_Out_column
0x00D5       [1]    FARG_Lcd_Out_text
0x00D6       [1]    Lcd_Out_i_L0
0x00D7       [1]    FARG_Lcd_Chr_CP_out_char
0x00D8       [1]    FARG_Lcd_Cmd_out_char
//** Constants locations ** 
//ADDRESS    SIZE    CONSTANT
//----------------------------------------------
0x0277      [16]    ?ICS?lstr2_R4_P2
0x0287      [16]    ?ICS?lstr1_R4_P2
0x0297       [1]    ?ICS_i
0x0298      [17]    ?ICS?lstr3_R4_P2
0x02A9       [9]    ?ICS?lstr10_R4_P2
0x02B2       [9]    ?ICS?lstr9_R4_P2
0x02BB       [9]    ?ICS?lstr8_R4_P2
0x02C4       [2]    ?ICS_aux_tempo
0x02C6       [9]    ?ICS?lstr11_R4_P2
0x02CF       [9]    ?ICS?lstr4_R4_P2
0x02D8       [1]    ?ICS_sel_saida
0x02D9       [9]    ?ICS?lstr7_R4_P2
0x02E2       [9]    ?ICS?lstr6_R4_P2
0x02EB       [9]    ?ICS?lstr5_R4_P2
