;  LST file generated by mikroListExporter - v.2.0 
; Date/Time: 02/12/2022 20:13:10
;----------------------------------------------

;Address Opcode 	ASM
0x0000	0x29FA      	GOTO       506
_Delay_1us:
;__Lib_Delays.c,7 :: 		void Delay_1us() {
;__Lib_Delays.c,8 :: 		Delay_us(1);
0x0003	0x0000      	NOP
0x0004	0x0000      	NOP
;__Lib_Delays.c,9 :: 		}
L_end_Delay_1us:
0x0005	0x0008      	RETURN
; end of _Delay_1us
_Delay_5500us:
;__Lib_Delays.c,31 :: 		void Delay_5500us() {
;__Lib_Delays.c,32 :: 		Delay_us(5500);
0x0006	0x300F      	MOVLW      15
0x0007	0x1283      	BCF        STATUS, 5
0x0008	0x1303      	BCF        STATUS, 6
0x0009	0x00FC      	MOVWF      R12
0x000A	0x3047      	MOVLW      71
0x000B	0x00FD      	MOVWF      R13
L_Delay_5500us5:
0x000C	0x0BFD      	DECFSZ     R13, 1
0x000D	0x280C      	GOTO       L_Delay_5500us5
0x000E	0x0BFC      	DECFSZ     R12, 1
0x000F	0x280C      	GOTO       L_Delay_5500us5
0x0010	0x0000      	NOP
0x0011	0x0000      	NOP
;__Lib_Delays.c,33 :: 		}
L_end_Delay_5500us:
0x0012	0x0008      	RETURN
; end of _Delay_5500us
_Delay_50us:
;__Lib_Delays.c,19 :: 		void Delay_50us() {
;__Lib_Delays.c,20 :: 		Delay_us(50);
0x0013	0x3021      	MOVLW      33
0x0014	0x1283      	BCF        STATUS, 5
0x0015	0x1303      	BCF        STATUS, 6
0x0016	0x00FD      	MOVWF      R13
L_Delay_50us2:
0x0017	0x0BFD      	DECFSZ     R13, 1
0x0018	0x2817      	GOTO       L_Delay_50us2
;__Lib_Delays.c,21 :: 		}
L_end_Delay_50us:
0x0019	0x0008      	RETURN
; end of _Delay_50us
_Lcd_Cmd:
;__Lib_Lcd.c,18 :: 		
;__Lib_Lcd.c,20 :: 		
0x001A	0x1683      	BSF        STATUS, 5
0x001B	0x1303      	BCF        STATUS, 6
0x001C	0x1BBA      	BTFSC      FARG_Lcd_Cmd_out_char, 7
0x001D	0x2821      	GOTO       L__Lcd_Cmd21
0x001E	0x1283      	BCF        STATUS, 5
0x001F	0x1006      	BCF        LCD_D7, BitPos(LCD_D7+0)
0x0020	0x2823      	GOTO       L__Lcd_Cmd22
L__Lcd_Cmd21:
0x0021	0x1283      	BCF        STATUS, 5
0x0022	0x1406      	BSF        LCD_D7, BitPos(LCD_D7+0)
L__Lcd_Cmd22:
;__Lib_Lcd.c,21 :: 		
0x0023	0x1683      	BSF        STATUS, 5
0x0024	0x1B3A      	BTFSC      FARG_Lcd_Cmd_out_char, 6
0x0025	0x2829      	GOTO       L__Lcd_Cmd23
0x0026	0x1283      	BCF        STATUS, 5
0x0027	0x1086      	BCF        LCD_D6, BitPos(LCD_D6+0)
0x0028	0x282B      	GOTO       L__Lcd_Cmd24
L__Lcd_Cmd23:
0x0029	0x1283      	BCF        STATUS, 5
0x002A	0x1486      	BSF        LCD_D6, BitPos(LCD_D6+0)
L__Lcd_Cmd24:
;__Lib_Lcd.c,22 :: 		
0x002B	0x1683      	BSF        STATUS, 5
0x002C	0x1ABA      	BTFSC      FARG_Lcd_Cmd_out_char, 5
0x002D	0x2831      	GOTO       L__Lcd_Cmd25
0x002E	0x1283      	BCF        STATUS, 5
0x002F	0x1106      	BCF        LCD_D5, BitPos(LCD_D5+0)
0x0030	0x2833      	GOTO       L__Lcd_Cmd26
L__Lcd_Cmd25:
0x0031	0x1283      	BCF        STATUS, 5
0x0032	0x1506      	BSF        LCD_D5, BitPos(LCD_D5+0)
L__Lcd_Cmd26:
;__Lib_Lcd.c,23 :: 		
0x0033	0x1683      	BSF        STATUS, 5
0x0034	0x1A3A      	BTFSC      FARG_Lcd_Cmd_out_char, 4
0x0035	0x2839      	GOTO       L__Lcd_Cmd27
0x0036	0x1283      	BCF        STATUS, 5
0x0037	0x1186      	BCF        LCD_D4, BitPos(LCD_D4+0)
0x0038	0x283B      	GOTO       L__Lcd_Cmd28
L__Lcd_Cmd27:
0x0039	0x1283      	BCF        STATUS, 5
0x003A	0x1586      	BSF        LCD_D4, BitPos(LCD_D4+0)
L__Lcd_Cmd28:
;__Lib_Lcd.c,25 :: 		
0x003B	0x186E      	BTFSC      __Lib_Lcd_cmd_status, BitPos(__Lib_Lcd_cmd_status+0)
0x003C	0x283F      	GOTO       L__Lcd_Cmd29
0x003D	0x1686      	BSF        LCD_RS, BitPos(LCD_RS+0)
0x003E	0x2840      	GOTO       L__Lcd_Cmd30
L__Lcd_Cmd29:
0x003F	0x1286      	BCF        LCD_RS, BitPos(LCD_RS+0)
L__Lcd_Cmd30:
;__Lib_Lcd.c,28 :: 		
0x0040	0x1606      	BSF        LCD_EN, BitPos(LCD_EN+0)
;__Lib_Lcd.c,29 :: 		
0x0041	0x2003      	CALL       _Delay_1us
;__Lib_Lcd.c,30 :: 		
0x0042	0x1206      	BCF        LCD_EN, BitPos(LCD_EN+0)
;__Lib_Lcd.c,33 :: 		
0x0043	0x1683      	BSF        STATUS, 5
0x0044	0x19BA      	BTFSC      FARG_Lcd_Cmd_out_char, 3
0x0045	0x2849      	GOTO       L__Lcd_Cmd31
0x0046	0x1283      	BCF        STATUS, 5
0x0047	0x1006      	BCF        LCD_D7, BitPos(LCD_D7+0)
0x0048	0x284B      	GOTO       L__Lcd_Cmd32
L__Lcd_Cmd31:
0x0049	0x1283      	BCF        STATUS, 5
0x004A	0x1406      	BSF        LCD_D7, BitPos(LCD_D7+0)
L__Lcd_Cmd32:
;__Lib_Lcd.c,34 :: 		
0x004B	0x1683      	BSF        STATUS, 5
0x004C	0x193A      	BTFSC      FARG_Lcd_Cmd_out_char, 2
0x004D	0x2851      	GOTO       L__Lcd_Cmd33
0x004E	0x1283      	BCF        STATUS, 5
0x004F	0x1086      	BCF        LCD_D6, BitPos(LCD_D6+0)
0x0050	0x2853      	GOTO       L__Lcd_Cmd34
L__Lcd_Cmd33:
0x0051	0x1283      	BCF        STATUS, 5
0x0052	0x1486      	BSF        LCD_D6, BitPos(LCD_D6+0)
L__Lcd_Cmd34:
;__Lib_Lcd.c,35 :: 		
0x0053	0x1683      	BSF        STATUS, 5
0x0054	0x18BA      	BTFSC      FARG_Lcd_Cmd_out_char, 1
0x0055	0x2859      	GOTO       L__Lcd_Cmd35
0x0056	0x1283      	BCF        STATUS, 5
0x0057	0x1106      	BCF        LCD_D5, BitPos(LCD_D5+0)
0x0058	0x285B      	GOTO       L__Lcd_Cmd36
L__Lcd_Cmd35:
0x0059	0x1283      	BCF        STATUS, 5
0x005A	0x1506      	BSF        LCD_D5, BitPos(LCD_D5+0)
L__Lcd_Cmd36:
;__Lib_Lcd.c,36 :: 		
0x005B	0x1683      	BSF        STATUS, 5
0x005C	0x183A      	BTFSC      FARG_Lcd_Cmd_out_char, 0
0x005D	0x2861      	GOTO       L__Lcd_Cmd37
0x005E	0x1283      	BCF        STATUS, 5
0x005F	0x1186      	BCF        LCD_D4, BitPos(LCD_D4+0)
0x0060	0x2863      	GOTO       L__Lcd_Cmd38
L__Lcd_Cmd37:
0x0061	0x1283      	BCF        STATUS, 5
0x0062	0x1586      	BSF        LCD_D4, BitPos(LCD_D4+0)
L__Lcd_Cmd38:
;__Lib_Lcd.c,38 :: 		
0x0063	0x186E      	BTFSC      __Lib_Lcd_cmd_status, BitPos(__Lib_Lcd_cmd_status+0)
0x0064	0x2867      	GOTO       L__Lcd_Cmd39
0x0065	0x1686      	BSF        LCD_RS, BitPos(LCD_RS+0)
0x0066	0x2868      	GOTO       L__Lcd_Cmd40
L__Lcd_Cmd39:
0x0067	0x1286      	BCF        LCD_RS, BitPos(LCD_RS+0)
L__Lcd_Cmd40:
;__Lib_Lcd.c,40 :: 		
0x0068	0x1606      	BSF        LCD_EN, BitPos(LCD_EN+0)
;__Lib_Lcd.c,41 :: 		
0x0069	0x2003      	CALL       _Delay_1us
;__Lib_Lcd.c,42 :: 		
0x006A	0x1206      	BCF        LCD_EN, BitPos(LCD_EN+0)
;__Lib_Lcd.c,44 :: 		
0x006B	0x1C6E      	BTFSS      __Lib_Lcd_cmd_status, BitPos(__Lib_Lcd_cmd_status+0)
0x006C	0x286F      	GOTO       L_Lcd_Cmd0
;__Lib_Lcd.c,45 :: 		
0x006D	0x2006      	CALL       _Delay_5500us
0x006E	0x2870      	GOTO       L_Lcd_Cmd1
L_Lcd_Cmd0:
;__Lib_Lcd.c,47 :: 		
0x006F	0x2013      	CALL       _Delay_50us
L_Lcd_Cmd1:
;__Lib_Lcd.c,48 :: 		
L_end_Lcd_Cmd:
0x0070	0x0008      	RETURN
; end of _Lcd_Cmd
_Div_8X8_U:
;__Lib_Math.c,189 :: 		
;__Lib_Math.c,196 :: 		
0x0071	0x1283      	BCF        STATUS, 5
;__Lib_Math.c,197 :: 		
0x0072	0x1303      	BCF        STATUS, 6
;__Lib_Math.c,198 :: 		
0x0073	0x01F8      	CLRF       R8
;__Lib_Math.c,199 :: 		
0x0074	0x3008      	MOVLW      8
;__Lib_Math.c,200 :: 		
0x0075	0x00FC      	MOVWF      R12
;__Lib_Math.c,201 :: 		
0x0076	0x0D70      	RLF        R0, 0
;__Lib_Math.c,202 :: 		
0x0077	0x0DF8      	RLF        R8, 1
;__Lib_Math.c,203 :: 		
0x0078	0x0874      	MOVF       R4, 0
;__Lib_Math.c,204 :: 		
0x0079	0x02F8      	SUBWF      R8, 1
;__Lib_Math.c,205 :: 		
0x007A	0x1803      	BTFSC      STATUS, 0
;__Lib_Math.c,206 :: 		
0x007B	0x287E      	GOTO       $+3
;__Lib_Math.c,207 :: 		
0x007C	0x07F8      	ADDWF      R8, 1
;__Lib_Math.c,208 :: 		
0x007D	0x1003      	BCF        STATUS, 0
;__Lib_Math.c,209 :: 		
0x007E	0x0DF0      	RLF        R0, 1
;__Lib_Math.c,210 :: 		
0x007F	0x0BFC      	DECFSZ     R12, 1
;__Lib_Math.c,211 :: 		
0x0080	0x2876      	GOTO       $-10
;__Lib_Math.c,213 :: 		
L_end_Div_8X8_U:
0x0081	0x0008      	RETURN
; end of _Div_8X8_U
_Lcd_Chr_CP:
;__Lib_Lcd.c,50 :: 		
;__Lib_Lcd.c,52 :: 		
0x0082	0x1283      	BCF        STATUS, 5
0x0083	0x1303      	BCF        STATUS, 6
0x0084	0x106E      	BCF        __Lib_Lcd_cmd_status, BitPos(__Lib_Lcd_cmd_status+0)
;__Lib_Lcd.c,53 :: 		
0x0085	0x1683      	BSF        STATUS, 5
0x0086	0x0839      	MOVF       FARG_Lcd_Chr_CP_out_char, 0
0x0087	0x00BA      	MOVWF      FARG_Lcd_Cmd_out_char
0x0088	0x201A      	CALL       _Lcd_Cmd
;__Lib_Lcd.c,54 :: 		
0x0089	0x146E      	BSF        __Lib_Lcd_cmd_status, BitPos(__Lib_Lcd_cmd_status+0)
;__Lib_Lcd.c,55 :: 		
L_end_Lcd_Chr_CP:
0x008A	0x0008      	RETURN
; end of _Lcd_Chr_CP
_____DoICP:
;__Lib_System.c,6 :: 		
;__Lib_System.c,9 :: 		
0x008B	0x1283      	BCF        STATUS, 5
0x008C	0x1303      	BCF        STATUS, 6
0x008D	0x086D      	MOVF       ___DoICPAddr+1, 0
0x008E	0x008A      	MOVWF      PCLATH
;__Lib_System.c,10 :: 		
0x008F	0x086C      	MOVF       ___DoICPAddr, 0
0x0090	0x0082      	MOVWF      PCL
;__Lib_System.c,12 :: 		
L_end_____DoICP:
0x0091	0x0008      	RETURN
; end of _____DoICP
_ByteToStr:
;__Lib_Conversions.c,66 :: 		
;__Lib_Conversions.c,69 :: 		
0x0092	0x1683      	BSF        STATUS, 5
0x0093	0x1303      	BCF        STATUS, 6
0x0094	0x01B7      	CLRF       ByteToStr_DigitPos_L0
L_ByteToStr0:
0x0095	0x3003      	MOVLW      3
0x0096	0x0237      	SUBWF      ByteToStr_DigitPos_L0, 0
0x0097	0x1803      	BTFSC      STATUS, 0
0x0098	0x28A0      	GOTO       L_ByteToStr1
;__Lib_Conversions.c,70 :: 		
0x0099	0x0837      	MOVF       ByteToStr_DigitPos_L0, 0
0x009A	0x0736      	ADDWF      FARG_ByteToStr_output, 0
0x009B	0x0084      	MOVWF      FSR
0x009C	0x3020      	MOVLW      32
0x009D	0x0080      	MOVWF      INDF
;__Lib_Conversions.c,69 :: 		
0x009E	0x0AB7      	INCF       ByteToStr_DigitPos_L0, 1
;__Lib_Conversions.c,70 :: 		
0x009F	0x2895      	GOTO       L_ByteToStr0
L_ByteToStr1:
;__Lib_Conversions.c,72 :: 		
0x00A0	0x0837      	MOVF       ByteToStr_DigitPos_L0, 0
0x00A1	0x0736      	ADDWF      FARG_ByteToStr_output, 0
0x00A2	0x0084      	MOVWF      FSR
0x00A3	0x0180      	CLRF       INDF
0x00A4	0x03B7      	DECF       ByteToStr_DigitPos_L0, 1
;__Lib_Conversions.c,74 :: 		
L_ByteToStr3:
;__Lib_Conversions.c,75 :: 		
0x00A5	0x0837      	MOVF       ByteToStr_DigitPos_L0, 0
0x00A6	0x0736      	ADDWF      FARG_ByteToStr_output, 0
0x00A7	0x00B8      	MOVWF      FLOC__ByteToStr
0x00A8	0x300A      	MOVLW      10
0x00A9	0x00F4      	MOVWF      R4
0x00AA	0x0835      	MOVF       FARG_ByteToStr_input, 0
0x00AB	0x00F0      	MOVWF      R0
0x00AC	0x2071      	CALL       _Div_8X8_U
0x00AD	0x0878      	MOVF       R8, 0
0x00AE	0x00F0      	MOVWF      R0
0x00AF	0x3030      	MOVLW      48
0x00B0	0x07F0      	ADDWF      R0, 1
0x00B1	0x1683      	BSF        STATUS, 5
0x00B2	0x0838      	MOVF       FLOC__ByteToStr, 0
0x00B3	0x0084      	MOVWF      FSR
0x00B4	0x0870      	MOVF       R0, 0
0x00B5	0x0080      	MOVWF      INDF
;__Lib_Conversions.c,76 :: 		
0x00B6	0x300A      	MOVLW      10
0x00B7	0x00F4      	MOVWF      R4
0x00B8	0x0835      	MOVF       FARG_ByteToStr_input, 0
0x00B9	0x00F0      	MOVWF      R0
0x00BA	0x2071      	CALL       _Div_8X8_U
0x00BB	0x0870      	MOVF       R0, 0
0x00BC	0x1683      	BSF        STATUS, 5
0x00BD	0x00B5      	MOVWF      FARG_ByteToStr_input
;__Lib_Conversions.c,77 :: 		
0x00BE	0x0870      	MOVF       R0, 0
0x00BF	0x3A00      	XORLW      0
0x00C0	0x1D03      	BTFSS      STATUS, 2
0x00C1	0x28C3      	GOTO       L_ByteToStr5
;__Lib_Conversions.c,78 :: 		
0x00C2	0x28C5      	GOTO       L_ByteToStr4
L_ByteToStr5:
;__Lib_Conversions.c,79 :: 		
0x00C3	0x03B7      	DECF       ByteToStr_DigitPos_L0, 1
;__Lib_Conversions.c,80 :: 		
0x00C4	0x28A5      	GOTO       L_ByteToStr3
L_ByteToStr4:
;__Lib_Conversions.c,81 :: 		
L_end_ByteToStr:
0x00C5	0x0008      	RETURN
; end of _ByteToStr
_Lcd_Init:
;__Lib_Lcd.c,84 :: 		
;__Lib_Lcd.c,86 :: 		
0x00C6	0x1683      	BSF        STATUS, 5
0x00C7	0x1303      	BCF        STATUS, 6
0x00C8	0x1206      	BCF        LCD_EN_Direction, BitPos(LCD_EN_Direction+0)
;__Lib_Lcd.c,87 :: 		
0x00C9	0x1286      	BCF        LCD_RS_Direction, BitPos(LCD_RS_Direction+0)
;__Lib_Lcd.c,88 :: 		
0x00CA	0x1186      	BCF        LCD_D4_Direction, BitPos(LCD_D4_Direction+0)
;__Lib_Lcd.c,89 :: 		
0x00CB	0x1106      	BCF        LCD_D5_Direction, BitPos(LCD_D5_Direction+0)
;__Lib_Lcd.c,90 :: 		
0x00CC	0x1086      	BCF        LCD_D6_Direction, BitPos(LCD_D6_Direction+0)
;__Lib_Lcd.c,91 :: 		
0x00CD	0x1006      	BCF        LCD_D7_Direction, BitPos(LCD_D7_Direction+0)
;__Lib_Lcd.c,93 :: 		
0x00CE	0x1283      	BCF        STATUS, 5
0x00CF	0x1206      	BCF        LCD_EN, BitPos(LCD_EN+0)
;__Lib_Lcd.c,94 :: 		
0x00D0	0x1286      	BCF        LCD_RS, BitPos(LCD_RS+0)
;__Lib_Lcd.c,95 :: 		
0x00D1	0x1006      	BCF        LCD_D7, BitPos(LCD_D7+0)
;__Lib_Lcd.c,96 :: 		
0x00D2	0x1086      	BCF        LCD_D6, BitPos(LCD_D6+0)
;__Lib_Lcd.c,97 :: 		
0x00D3	0x1106      	BCF        LCD_D5, BitPos(LCD_D5+0)
;__Lib_Lcd.c,98 :: 		
0x00D4	0x1186      	BCF        LCD_D4, BitPos(LCD_D4+0)
;__Lib_Lcd.c,100 :: 		
0x00D5	0x2006      	CALL       _Delay_5500us
;__Lib_Lcd.c,101 :: 		
0x00D6	0x2006      	CALL       _Delay_5500us
;__Lib_Lcd.c,102 :: 		
0x00D7	0x2006      	CALL       _Delay_5500us
;__Lib_Lcd.c,105 :: 		
0x00D8	0x1506      	BSF        LCD_D5, BitPos(LCD_D5+0)
;__Lib_Lcd.c,106 :: 		
0x00D9	0x1586      	BSF        LCD_D4, BitPos(LCD_D4+0)
;__Lib_Lcd.c,107 :: 		
0x00DA	0x1606      	BSF        LCD_EN, BitPos(LCD_EN+0)
;__Lib_Lcd.c,108 :: 		
0x00DB	0x2003      	CALL       _Delay_1us
;__Lib_Lcd.c,109 :: 		
0x00DC	0x1206      	BCF        LCD_EN, BitPos(LCD_EN+0)
;__Lib_Lcd.c,110 :: 		
0x00DD	0x2006      	CALL       _Delay_5500us
;__Lib_Lcd.c,112 :: 		
0x00DE	0x1606      	BSF        LCD_EN, BitPos(LCD_EN+0)
;__Lib_Lcd.c,113 :: 		
0x00DF	0x2003      	CALL       _Delay_1us
;__Lib_Lcd.c,114 :: 		
0x00E0	0x1206      	BCF        LCD_EN, BitPos(LCD_EN+0)
;__Lib_Lcd.c,115 :: 		
0x00E1	0x2006      	CALL       _Delay_5500us
;__Lib_Lcd.c,117 :: 		
0x00E2	0x1606      	BSF        LCD_EN, BitPos(LCD_EN+0)
;__Lib_Lcd.c,118 :: 		
0x00E3	0x2003      	CALL       _Delay_1us
;__Lib_Lcd.c,119 :: 		
0x00E4	0x1206      	BCF        LCD_EN, BitPos(LCD_EN+0)
;__Lib_Lcd.c,120 :: 		
0x00E5	0x2006      	CALL       _Delay_5500us
;__Lib_Lcd.c,123 :: 		
0x00E6	0x1186      	BCF        LCD_D4, BitPos(LCD_D4+0)
;__Lib_Lcd.c,124 :: 		
0x00E7	0x1606      	BSF        LCD_EN, BitPos(LCD_EN+0)
;__Lib_Lcd.c,125 :: 		
0x00E8	0x2003      	CALL       _Delay_1us
;__Lib_Lcd.c,126 :: 		
0x00E9	0x1206      	BCF        LCD_EN, BitPos(LCD_EN+0)
;__Lib_Lcd.c,127 :: 		
0x00EA	0x2006      	CALL       _Delay_5500us
;__Lib_Lcd.c,130 :: 		
0x00EB	0x1606      	BSF        LCD_EN, BitPos(LCD_EN+0)
;__Lib_Lcd.c,131 :: 		
0x00EC	0x2003      	CALL       _Delay_1us
;__Lib_Lcd.c,132 :: 		
0x00ED	0x1206      	BCF        LCD_EN, BitPos(LCD_EN+0)
;__Lib_Lcd.c,134 :: 		
0x00EE	0x1106      	BCF        LCD_D5, BitPos(LCD_D5+0)
;__Lib_Lcd.c,135 :: 		
0x00EF	0x1406      	BSF        LCD_D7, BitPos(LCD_D7+0)
;__Lib_Lcd.c,136 :: 		
0x00F0	0x1606      	BSF        LCD_EN, BitPos(LCD_EN+0)
;__Lib_Lcd.c,137 :: 		
0x00F1	0x2003      	CALL       _Delay_1us
;__Lib_Lcd.c,138 :: 		
0x00F2	0x1206      	BCF        LCD_EN, BitPos(LCD_EN+0)
;__Lib_Lcd.c,139 :: 		
0x00F3	0x2006      	CALL       _Delay_5500us
;__Lib_Lcd.c,142 :: 		
0x00F4	0x1006      	BCF        LCD_D7, BitPos(LCD_D7+0)
;__Lib_Lcd.c,143 :: 		
0x00F5	0x1586      	BSF        LCD_D4, BitPos(LCD_D4+0)
;__Lib_Lcd.c,144 :: 		
0x00F6	0x1606      	BSF        LCD_EN, BitPos(LCD_EN+0)
;__Lib_Lcd.c,145 :: 		
0x00F7	0x2003      	CALL       _Delay_1us
;__Lib_Lcd.c,146 :: 		
0x00F8	0x1206      	BCF        LCD_EN, BitPos(LCD_EN+0)
;__Lib_Lcd.c,148 :: 		
0x00F9	0x1186      	BCF        LCD_D4, BitPos(LCD_D4+0)
;__Lib_Lcd.c,149 :: 		
0x00FA	0x1606      	BSF        LCD_EN, BitPos(LCD_EN+0)
;__Lib_Lcd.c,150 :: 		
0x00FB	0x2003      	CALL       _Delay_1us
;__Lib_Lcd.c,151 :: 		
0x00FC	0x1206      	BCF        LCD_EN, BitPos(LCD_EN+0)
;__Lib_Lcd.c,152 :: 		
0x00FD	0x2006      	CALL       _Delay_5500us
;__Lib_Lcd.c,155 :: 		
0x00FE	0x1606      	BSF        LCD_EN, BitPos(LCD_EN+0)
;__Lib_Lcd.c,156 :: 		
0x00FF	0x2003      	CALL       _Delay_1us
;__Lib_Lcd.c,157 :: 		
0x0100	0x1206      	BCF        LCD_EN, BitPos(LCD_EN+0)
;__Lib_Lcd.c,159 :: 		
0x0101	0x1586      	BSF        LCD_D4, BitPos(LCD_D4+0)
;__Lib_Lcd.c,160 :: 		
0x0102	0x1606      	BSF        LCD_EN, BitPos(LCD_EN+0)
;__Lib_Lcd.c,161 :: 		
0x0103	0x2003      	CALL       _Delay_1us
;__Lib_Lcd.c,162 :: 		
0x0104	0x1206      	BCF        LCD_EN, BitPos(LCD_EN+0)
;__Lib_Lcd.c,163 :: 		
0x0105	0x2006      	CALL       _Delay_5500us
;__Lib_Lcd.c,166 :: 		
0x0106	0x1186      	BCF        LCD_D4, BitPos(LCD_D4+0)
;__Lib_Lcd.c,167 :: 		
0x0107	0x1606      	BSF        LCD_EN, BitPos(LCD_EN+0)
;__Lib_Lcd.c,168 :: 		
0x0108	0x2003      	CALL       _Delay_1us
;__Lib_Lcd.c,169 :: 		
0x0109	0x1206      	BCF        LCD_EN, BitPos(LCD_EN+0)
;__Lib_Lcd.c,171 :: 		
0x010A	0x1406      	BSF        LCD_D7, BitPos(LCD_D7+0)
;__Lib_Lcd.c,172 :: 		
0x010B	0x1486      	BSF        LCD_D6, BitPos(LCD_D6+0)
;__Lib_Lcd.c,173 :: 		
0x010C	0x1506      	BSF        LCD_D5, BitPos(LCD_D5+0)
;__Lib_Lcd.c,174 :: 		
0x010D	0x1586      	BSF        LCD_D4, BitPos(LCD_D4+0)
;__Lib_Lcd.c,175 :: 		
0x010E	0x1606      	BSF        LCD_EN, BitPos(LCD_EN+0)
;__Lib_Lcd.c,176 :: 		
0x010F	0x2003      	CALL       _Delay_1us
;__Lib_Lcd.c,177 :: 		
0x0110	0x1206      	BCF        LCD_EN, BitPos(LCD_EN+0)
;__Lib_Lcd.c,179 :: 		
0x0111	0x2006      	CALL       _Delay_5500us
;__Lib_Lcd.c,181 :: 		
0x0112	0x146E      	BSF        __Lib_Lcd_cmd_status, BitPos(__Lib_Lcd_cmd_status+0)
;__Lib_Lcd.c,182 :: 		
L_end_Lcd_Init:
0x0113	0x0008      	RETURN
; end of _Lcd_Init
_le_dados:
;R8_1.c,42 :: 		void le_dados()
;R8_1.c,44 :: 		for(b=0;b<8;b++)
0x0114	0x1283      	BCF        STATUS, 5
0x0115	0x1303      	BCF        STATUS, 6
0x0116	0x01A0      	CLRF       _b
L_le_dados7:
0x0117	0x3008      	MOVLW      8
0x0118	0x0220      	SUBWF      _b, 0
0x0119	0x1803      	BTFSC      STATUS, 0
0x011A	0x294D      	GOTO       L_le_dados8
;R8_1.c,46 :: 		while(!PORTD.F2); //Espera até PORTD.F2 ficar HIGH
L_le_dados10:
0x011B	0x1908      	BTFSC      PORTD, 2
0x011C	0x291E      	GOTO       L_le_dados11
0x011D	0x291B      	GOTO       L_le_dados10
L_le_dados11:
;R8_1.c,47 :: 		Delay_us(30);
0x011E	0x3013      	MOVLW      19
0x011F	0x00FD      	MOVWF      R13
L_le_dados12:
0x0120	0x0BFD      	DECFSZ     R13, 1
0x0121	0x2920      	GOTO       L_le_dados12
0x0122	0x0000      	NOP
0x0123	0x0000      	NOP
;R8_1.c,48 :: 		if(PORTD.F2 == 0)    i&=~(1<<(7-b));  //Clear bit (7-b)
0x0124	0x1908      	BTFSC      PORTD, 2
0x0125	0x2938      	GOTO       L_le_dados13
0x0126	0x0820      	MOVF       _b, 0
0x0127	0x3C07      	SUBLW      7
0x0128	0x00F0      	MOVWF      R0
0x0129	0x0870      	MOVF       R0, 0
0x012A	0x00F1      	MOVWF      R1
0x012B	0x3001      	MOVLW      1
0x012C	0x00F0      	MOVWF      R0
0x012D	0x0871      	MOVF       R1, 0
L__le_dados27:
0x012E	0x1903      	BTFSC      STATUS, 2
0x012F	0x2934      	GOTO       L__le_dados28
0x0130	0x0DF0      	RLF        R0, 1
0x0131	0x1070      	BCF        R0, 0
0x0132	0x3EFF      	ADDLW      255
0x0133	0x292E      	GOTO       L__le_dados27
L__le_dados28:
0x0134	0x09F0      	COMF       R0, 1
0x0135	0x0870      	MOVF       R0, 0
0x0136	0x05A4      	ANDWF      _i, 1
0x0137	0x294B      	GOTO       L_le_dados14
L_le_dados13:
;R8_1.c,51 :: 		i|= (1<<(7-b));  //Set bit (7-b)
0x0138	0x0820      	MOVF       _b, 0
0x0139	0x3C07      	SUBLW      7
0x013A	0x00F0      	MOVWF      R0
0x013B	0x0870      	MOVF       R0, 0
0x013C	0x00F1      	MOVWF      R1
0x013D	0x3001      	MOVLW      1
0x013E	0x00F0      	MOVWF      R0
0x013F	0x0871      	MOVF       R1, 0
L__le_dados29:
0x0140	0x1903      	BTFSC      STATUS, 2
0x0141	0x2946      	GOTO       L__le_dados30
0x0142	0x0DF0      	RLF        R0, 1
0x0143	0x1070      	BCF        R0, 0
0x0144	0x3EFF      	ADDLW      255
0x0145	0x2940      	GOTO       L__le_dados29
L__le_dados30:
0x0146	0x0870      	MOVF       R0, 0
0x0147	0x04A4      	IORWF      _i, 1
;R8_1.c,52 :: 		while(PORTD.F2); //Espera até PORTD.F2 ficar LOW
L_le_dados15:
0x0148	0x1D08      	BTFSS      PORTD, 2
0x0149	0x294B      	GOTO       L_le_dados16
0x014A	0x2948      	GOTO       L_le_dados15
L_le_dados16:
;R8_1.c,53 :: 		}
L_le_dados14:
;R8_1.c,44 :: 		for(b=0;b<8;b++)
0x014B	0x0AA0      	INCF       _b, 1
;R8_1.c,54 :: 		}
0x014C	0x2917      	GOTO       L_le_dados7
L_le_dados8:
;R8_1.c,55 :: 		}
L_end_le_dados:
0x014D	0x0008      	RETURN
; end of _le_dados
_Lcd_Out:
;__Lib_Lcd.c,184 :: 		
;__Lib_Lcd.c,187 :: 		
0x014E	0x2960      	GOTO       L_Lcd_Out11
;__Lib_Lcd.c,188 :: 		
L_Lcd_Out13:
0x014F	0x3080      	MOVLW      128
0x0150	0x1683      	BSF        STATUS, 5
0x0151	0x1303      	BCF        STATUS, 6
0x0152	0x00B5      	MOVWF      FARG_Lcd_Out_row
0x0153	0x2973      	GOTO       L_Lcd_Out12
;__Lib_Lcd.c,189 :: 		
L_Lcd_Out14:
0x0154	0x30C0      	MOVLW      192
0x0155	0x00B5      	MOVWF      FARG_Lcd_Out_row
0x0156	0x2973      	GOTO       L_Lcd_Out12
;__Lib_Lcd.c,190 :: 		
L_Lcd_Out15:
0x0157	0x3094      	MOVLW      148
0x0158	0x00B5      	MOVWF      FARG_Lcd_Out_row
0x0159	0x2973      	GOTO       L_Lcd_Out12
;__Lib_Lcd.c,191 :: 		
L_Lcd_Out16:
0x015A	0x30D4      	MOVLW      212
0x015B	0x00B5      	MOVWF      FARG_Lcd_Out_row
0x015C	0x2973      	GOTO       L_Lcd_Out12
;__Lib_Lcd.c,192 :: 		
L_Lcd_Out17:
0x015D	0x3080      	MOVLW      128
0x015E	0x00B5      	MOVWF      FARG_Lcd_Out_row
;__Lib_Lcd.c,193 :: 		
0x015F	0x2973      	GOTO       L_Lcd_Out12
L_Lcd_Out11:
0x0160	0x1683      	BSF        STATUS, 5
0x0161	0x1303      	BCF        STATUS, 6
0x0162	0x0835      	MOVF       FARG_Lcd_Out_row, 0
0x0163	0x3A01      	XORLW      1
0x0164	0x1903      	BTFSC      STATUS, 2
0x0165	0x294F      	GOTO       L_Lcd_Out13
0x0166	0x0835      	MOVF       FARG_Lcd_Out_row, 0
0x0167	0x3A02      	XORLW      2
0x0168	0x1903      	BTFSC      STATUS, 2
0x0169	0x2954      	GOTO       L_Lcd_Out14
0x016A	0x0835      	MOVF       FARG_Lcd_Out_row, 0
0x016B	0x3A03      	XORLW      3
0x016C	0x1903      	BTFSC      STATUS, 2
0x016D	0x2957      	GOTO       L_Lcd_Out15
0x016E	0x0835      	MOVF       FARG_Lcd_Out_row, 0
0x016F	0x3A04      	XORLW      4
0x0170	0x1903      	BTFSC      STATUS, 2
0x0171	0x295A      	GOTO       L_Lcd_Out16
0x0172	0x295D      	GOTO       L_Lcd_Out17
L_Lcd_Out12:
;__Lib_Lcd.c,194 :: 		
0x0173	0x0336      	DECF       FARG_Lcd_Out_column, 0
0x0174	0x00F0      	MOVWF      R0
0x0175	0x0835      	MOVF       FARG_Lcd_Out_row, 0
0x0176	0x07F0      	ADDWF      R0, 1
0x0177	0x0870      	MOVF       R0, 0
0x0178	0x00B5      	MOVWF      FARG_Lcd_Out_row
;__Lib_Lcd.c,196 :: 		
0x0179	0x0870      	MOVF       R0, 0
0x017A	0x00BA      	MOVWF      FARG_Lcd_Cmd_out_char
0x017B	0x201A      	CALL       _Lcd_Cmd
;__Lib_Lcd.c,197 :: 		
0x017C	0x106E      	BCF        __Lib_Lcd_cmd_status, BitPos(__Lib_Lcd_cmd_status+0)
;__Lib_Lcd.c,198 :: 		
0x017D	0x1683      	BSF        STATUS, 5
0x017E	0x01B8      	CLRF       Lcd_Out_i_L0
;__Lib_Lcd.c,199 :: 		
L_Lcd_Out18:
0x017F	0x0838      	MOVF       Lcd_Out_i_L0, 0
0x0180	0x0737      	ADDWF      FARG_Lcd_Out_text, 0
0x0181	0x0084      	MOVWF      FSR
0x0182	0x0800      	MOVF       INDF, 0
0x0183	0x1903      	BTFSC      STATUS, 2
0x0184	0x298E      	GOTO       L_Lcd_Out19
;__Lib_Lcd.c,200 :: 		
0x0185	0x0838      	MOVF       Lcd_Out_i_L0, 0
0x0186	0x0737      	ADDWF      FARG_Lcd_Out_text, 0
0x0187	0x0084      	MOVWF      FSR
0x0188	0x0800      	MOVF       INDF, 0
0x0189	0x00B9      	MOVWF      FARG_Lcd_Chr_CP_out_char
0x018A	0x2082      	CALL       _Lcd_Chr_CP
0x018B	0x1683      	BSF        STATUS, 5
0x018C	0x0AB8      	INCF       Lcd_Out_i_L0, 1
0x018D	0x297F      	GOTO       L_Lcd_Out18
L_Lcd_Out19:
;__Lib_Lcd.c,201 :: 		
0x018E	0x1283      	BCF        STATUS, 5
0x018F	0x146E      	BSF        __Lib_Lcd_cmd_status, BitPos(__Lib_Lcd_cmd_status+0)
;__Lib_Lcd.c,202 :: 		
L_end_Lcd_Out:
0x0190	0x0008      	RETURN
; end of _Lcd_Out
_inicia_sinal:
;R8_1.c,20 :: 		void inicia_sinal()
;R8_1.c,22 :: 		TRISD.F2 = 0;  //Configura RD2 como  saída
0x0191	0x1683      	BSF        STATUS, 5
0x0192	0x1303      	BCF        STATUS, 6
0x0193	0x1108      	BCF        TRISD, 2
;R8_1.c,23 :: 		PORTD.F2 = 0;  //RD2 envia 0 para o sensor
0x0194	0x1283      	BCF        STATUS, 5
0x0195	0x1108      	BCF        PORTD, 2
;R8_1.c,24 :: 		Delay_ms(18);
0x0196	0x302F      	MOVLW      47
0x0197	0x00FC      	MOVWF      R12
0x0198	0x30BF      	MOVLW      191
0x0199	0x00FD      	MOVWF      R13
L_inicia_sinal0:
0x019A	0x0BFD      	DECFSZ     R13, 1
0x019B	0x299A      	GOTO       L_inicia_sinal0
0x019C	0x0BFC      	DECFSZ     R12, 1
0x019D	0x299A      	GOTO       L_inicia_sinal0
0x019E	0x0000      	NOP
0x019F	0x0000      	NOP
;R8_1.c,25 :: 		PORTD.F2 = 1;  //RD2 envia 1 para o sensor
0x01A0	0x1508      	BSF        PORTD, 2
;R8_1.c,26 :: 		Delay_us(30);
0x01A1	0x3013      	MOVLW      19
0x01A2	0x00FD      	MOVWF      R13
L_inicia_sinal1:
0x01A3	0x0BFD      	DECFSZ     R13, 1
0x01A4	0x29A3      	GOTO       L_inicia_sinal1
0x01A5	0x0000      	NOP
0x01A6	0x0000      	NOP
;R8_1.c,27 :: 		TRISD.F2 = 1;  //Configura RD2 como entrada
0x01A7	0x1683      	BSF        STATUS, 5
0x01A8	0x1508      	BSF        TRISD, 2
;R8_1.c,28 :: 		}
L_end_inicia_sinal:
0x01A9	0x0008      	RETURN
; end of _inicia_sinal
_Ltrim:
;__Lib_Conversions.c,421 :: 		
;__Lib_Conversions.c,425 :: 		
0x01AA	0x1683      	BSF        STATUS, 5
0x01AB	0x1303      	BCF        STATUS, 6
0x01AC	0x01B6      	CLRF       Ltrim_trimmed_L0
0x01AD	0x01B7      	CLRF       Ltrim_trimmed_L0+1
;__Lib_Conversions.c,426 :: 		
0x01AE	0x0835      	MOVF       FARG_Ltrim_string, 0
0x01AF	0x00F2      	MOVWF      R2
;__Lib_Conversions.c,427 :: 		
0x01B0	0x0835      	MOVF       FARG_Ltrim_string, 0
0x01B1	0x00F3      	MOVWF      R3
;__Lib_Conversions.c,428 :: 		
L_Ltrim84:
;__Lib_Conversions.c,429 :: 		
0x01B2	0x0872      	MOVF       R2, 0
0x01B3	0x0084      	MOVWF      FSR
0x01B4	0x0800      	MOVF       INDF, 0
0x01B5	0x3A20      	XORLW      32
0x01B6	0x1D03      	BTFSS      STATUS, 2
0x01B7	0x29BD      	GOTO       L__Ltrim345
0x01B8	0x0836      	MOVF       Ltrim_trimmed_L0, 0
0x01B9	0x0437      	IORWF      Ltrim_trimmed_L0+1, 0
0x01BA	0x1D03      	BTFSS      STATUS, 2
0x01BB	0x29BD      	GOTO       L__Ltrim345
0x01BC	0x29CA      	GOTO       L_Ltrim89
L__Ltrim345:
;__Lib_Conversions.c,430 :: 		
0x01BD	0x3001      	MOVLW      1
0x01BE	0x00B6      	MOVWF      Ltrim_trimmed_L0
0x01BF	0x3000      	MOVLW      0
0x01C0	0x00B7      	MOVWF      Ltrim_trimmed_L0+1
;__Lib_Conversions.c,431 :: 		
0x01C1	0x0872      	MOVF       R2, 0
0x01C2	0x0084      	MOVWF      FSR
0x01C3	0x0800      	MOVF       INDF, 0
0x01C4	0x00F0      	MOVWF      R0
0x01C5	0x0873      	MOVF       R3, 0
0x01C6	0x0084      	MOVWF      FSR
0x01C7	0x0870      	MOVF       R0, 0
0x01C8	0x0080      	MOVWF      INDF
0x01C9	0x0AF3      	INCF       R3, 1
;__Lib_Conversions.c,432 :: 		
L_Ltrim89:
;__Lib_Conversions.c,434 :: 		
0x01CA	0x0872      	MOVF       R2, 0
0x01CB	0x00F1      	MOVWF      R1
0x01CC	0x0AF2      	INCF       R2, 1
0x01CD	0x0871      	MOVF       R1, 0
0x01CE	0x0084      	MOVWF      FSR
0x01CF	0x0800      	MOVF       INDF, 0
0x01D0	0x3A00      	XORLW      0
0x01D1	0x1D03      	BTFSS      STATUS, 2
0x01D2	0x29B2      	GOTO       L_Ltrim84
;__Lib_Conversions.c,435 :: 		
0x01D3	0x0835      	MOVF       FARG_Ltrim_string, 0
0x01D4	0x00F0      	MOVWF      R0
;__Lib_Conversions.c,436 :: 		
L_end_Ltrim:
0x01D5	0x0008      	RETURN
; end of _Ltrim
___CC2DW:
;__Lib_System.c,134 :: 		
;__Lib_System.c,137 :: 		
_CC2D_Loop1:
;__Lib_System.c,139 :: 		
0x01D6	0x208B      	CALL       _____DoICP
0x01D7	0x118A      	BCF        PCLATH, 3
0x01D8	0x120A      	BCF        PCLATH, 4
;__Lib_System.c,141 :: 		
0x01D9	0x0080      	MOVWF      INDF
;__Lib_System.c,142 :: 		
0x01DA	0x0A84      	INCF       FSR, 1
;__Lib_System.c,143 :: 		
0x01DB	0x0AEC      	INCF       ___DoICPAddr, 1
;__Lib_System.c,145 :: 		
0x01DC	0x1903      	BTFSC      STATUS, 2
;__Lib_System.c,146 :: 		
0x01DD	0x0AED      	INCF       ___DoICPAddr+1, 1
;__Lib_System.c,147 :: 		
0x01DE	0x03F0      	DECF       R0, 1
;__Lib_System.c,149 :: 		
0x01DF	0x1D03      	BTFSS      STATUS, 2
;__Lib_System.c,150 :: 		
0x01E0	0x29D6      	GOTO       _CC2D_Loop1
;__Lib_System.c,152 :: 		
L_end___CC2DW:
0x01E1	0x0008      	RETURN
; end of ___CC2DW
_verifica_resposta:
;R8_1.c,30 :: 		void verifica_resposta()
;R8_1.c,32 :: 		a = 0;
0x01E2	0x1283      	BCF        STATUS, 5
0x01E3	0x1303      	BCF        STATUS, 6
0x01E4	0x01A1      	CLRF       _a
;R8_1.c,33 :: 		Delay_us(40);
0x01E5	0x301A      	MOVLW      26
0x01E6	0x00FD      	MOVWF      R13
L_verifica_resposta2:
0x01E7	0x0BFD      	DECFSZ     R13, 1
0x01E8	0x29E7      	GOTO       L_verifica_resposta2
0x01E9	0x0000      	NOP
;R8_1.c,34 :: 		if (PORTD.F2 == 0)
0x01EA	0x1908      	BTFSC      PORTD, 2
0x01EB	0x29F9      	GOTO       L_verifica_resposta3
;R8_1.c,36 :: 		Delay_us(80);
0x01EC	0x3035      	MOVLW      53
0x01ED	0x00FD      	MOVWF      R13
L_verifica_resposta4:
0x01EE	0x0BFD      	DECFSZ     R13, 1
0x01EF	0x29EE      	GOTO       L_verifica_resposta4
;R8_1.c,37 :: 		if (PORTD.F2 == 1)   a = 1;
0x01F0	0x1D08      	BTFSS      PORTD, 2
0x01F1	0x29F4      	GOTO       L_verifica_resposta5
0x01F2	0x3001      	MOVLW      1
0x01F3	0x00A1      	MOVWF      _a
L_verifica_resposta5:
;R8_1.c,38 :: 		Delay_us(40);
0x01F4	0x301A      	MOVLW      26
0x01F5	0x00FD      	MOVWF      R13
L_verifica_resposta6:
0x01F6	0x0BFD      	DECFSZ     R13, 1
0x01F7	0x29F6      	GOTO       L_verifica_resposta6
0x01F8	0x0000      	NOP
;R8_1.c,39 :: 		}
L_verifica_resposta3:
;R8_1.c,40 :: 		}
L_end_verifica_resposta:
0x01F9	0x0008      	RETURN
; end of _verifica_resposta
_main:
0x01FA	0x2310      	CALL       784
;R8_1.c,57 :: 		void main()
;R8_1.c,59 :: 		TRISB = 0;        //Configura PORTB com saída
0x01FB	0x1683      	BSF        STATUS, 5
0x01FC	0x1303      	BCF        STATUS, 6
0x01FD	0x0186      	CLRF       TRISB
;R8_1.c,60 :: 		PORTB = 0;        //Inicializa  valor 0 PORTB
0x01FE	0x1283      	BCF        STATUS, 5
0x01FF	0x0186      	CLRF       PORTB
;R8_1.c,61 :: 		Lcd_Init();
0x0200	0x20C6      	CALL       _Lcd_Init
;R8_1.c,62 :: 		Lcd_Cmd(_LCD_CURSOR_OFF); //Desliga cursorLCD
0x0201	0x300C      	MOVLW      12
0x0202	0x1683      	BSF        STATUS, 5
0x0203	0x00BA      	MOVWF      FARG_Lcd_Cmd_out_char
0x0204	0x201A      	CALL       _Lcd_Cmd
;R8_1.c,63 :: 		Lcd_Cmd(_LCD_CLEAR);      //Limpa  todo  LCD
0x0205	0x3001      	MOVLW      1
0x0206	0x1683      	BSF        STATUS, 5
0x0207	0x00BA      	MOVWF      FARG_Lcd_Cmd_out_char
0x0208	0x201A      	CALL       _Lcd_Cmd
;R8_1.c,64 :: 		while(1)
L_main17:
;R8_1.c,66 :: 		inicia_sinal();
0x0209	0x2191      	CALL       _inicia_sinal
;R8_1.c,67 :: 		verifica_resposta();
0x020A	0x21E2      	CALL       _verifica_resposta
;R8_1.c,68 :: 		if (a == 1)
0x020B	0x0821      	MOVF       _a, 0
0x020C	0x3A01      	XORLW      1
0x020D	0x1D03      	BTFSS      STATUS, 2
0x020E	0x2A85      	GOTO       L_main19
;R8_1.c,70 :: 		le_dados();
0x020F	0x2114      	CALL       _le_dados
;R8_1.c,71 :: 		rh1 =i;
0x0210	0x0824      	MOVF       _i, 0
0x0211	0x00A3      	MOVWF      _rh1
;R8_1.c,72 :: 		le_dados();
0x0212	0x2114      	CALL       _le_dados
;R8_1.c,73 :: 		rh2 =i;
0x0213	0x0824      	MOVF       _i, 0
0x0214	0x00A2      	MOVWF      _rh2
;R8_1.c,74 :: 		le_dados();
0x0215	0x2114      	CALL       _le_dados
;R8_1.c,75 :: 		t1 =i;
0x0216	0x0824      	MOVF       _i, 0
0x0217	0x00DA      	MOVWF      _t1
;R8_1.c,76 :: 		le_dados();
0x0218	0x2114      	CALL       _le_dados
;R8_1.c,77 :: 		t2 =i;
0x0219	0x0824      	MOVF       _i, 0
0x021A	0x00D9      	MOVWF      _t2
;R8_1.c,78 :: 		le_dados();
0x021B	0x2114      	CALL       _le_dados
;R8_1.c,79 :: 		sum = i;
0x021C	0x0824      	MOVF       _i, 0
0x021D	0x00D8      	MOVWF      _sum
;R8_1.c,80 :: 		if(sum == rh1+rh2+t1+t2)
0x021E	0x0822      	MOVF       _rh2, 0
0x021F	0x0723      	ADDWF      _rh1, 0
0x0220	0x00F0      	MOVWF      R0
0x0221	0x01F1      	CLRF       R0+1
0x0222	0x1803      	BTFSC      STATUS, 0
0x0223	0x0AF1      	INCF       R0+1, 1
0x0224	0x085A      	MOVF       _t1, 0
0x0225	0x07F0      	ADDWF      R0, 1
0x0226	0x1803      	BTFSC      STATUS, 0
0x0227	0x0AF1      	INCF       R0+1, 1
0x0228	0x0859      	MOVF       _t2, 0
0x0229	0x0770      	ADDWF      R0, 0
0x022A	0x00F2      	MOVWF      R2
0x022B	0x0871      	MOVF       R0+1, 0
0x022C	0x1803      	BTFSC      STATUS, 0
0x022D	0x3E01      	ADDLW      1
0x022E	0x00F3      	MOVWF      R2+1
0x022F	0x3000      	MOVLW      0
0x0230	0x0673      	XORWF      R2+1, 0
0x0231	0x1D03      	BTFSS      STATUS, 2
0x0232	0x2A35      	GOTO       L__main32
0x0233	0x0872      	MOVF       R2, 0
0x0234	0x0624      	XORWF      _i, 0
L__main32:
0x0235	0x1D03      	BTFSS      STATUS, 2
0x0236	0x2A70      	GOTO       L_main20
;R8_1.c,82 :: 		text = "Temperatura:   C";
0x0237	0x30A0      	MOVLW      ?lstr1_R8_1
0x0238	0x00EF      	MOVWF      _text
;R8_1.c,83 :: 		Lcd_Out(1,1,text);
0x0239	0x3001      	MOVLW      1
0x023A	0x1683      	BSF        STATUS, 5
0x023B	0x00B5      	MOVWF      FARG_Lcd_Out_row
0x023C	0x3001      	MOVLW      1
0x023D	0x00B6      	MOVWF      FARG_Lcd_Out_column
0x023E	0x1283      	BCF        STATUS, 5
0x023F	0x086F      	MOVF       _text, 0
0x0240	0x1683      	BSF        STATUS, 5
0x0241	0x00B7      	MOVWF      FARG_Lcd_Out_text
0x0242	0x214E      	CALL       _Lcd_Out
;R8_1.c,84 :: 		text = "    Umidade:   %";
0x0243	0x305B      	MOVLW      ?lstr2_R8_1
0x0244	0x00EF      	MOVWF      _text
;R8_1.c,85 :: 		Lcd_Out(2,1,text);
0x0245	0x3002      	MOVLW      2
0x0246	0x1683      	BSF        STATUS, 5
0x0247	0x00B5      	MOVWF      FARG_Lcd_Out_row
0x0248	0x3001      	MOVLW      1
0x0249	0x00B6      	MOVWF      FARG_Lcd_Out_column
0x024A	0x1283      	BCF        STATUS, 5
0x024B	0x086F      	MOVF       _text, 0
0x024C	0x1683      	BSF        STATUS, 5
0x024D	0x00B7      	MOVWF      FARG_Lcd_Out_text
0x024E	0x214E      	CALL       _Lcd_Out
;R8_1.c,86 :: 		ByteToStr(t1,mytext);
0x024F	0x085A      	MOVF       _t1, 0
0x0250	0x1683      	BSF        STATUS, 5
0x0251	0x00B5      	MOVWF      FARG_ByteToStr_input
0x0252	0x30B1      	MOVLW      _mytext
0x0253	0x00B6      	MOVWF      FARG_ByteToStr_output
0x0254	0x2092      	CALL       _ByteToStr
;R8_1.c,87 :: 		Lcd_Out(1,14,Ltrim(mytext));
0x0255	0x30B1      	MOVLW      _mytext
0x0256	0x00B5      	MOVWF      FARG_Ltrim_string
0x0257	0x21AA      	CALL       _Ltrim
0x0258	0x0870      	MOVF       R0, 0
0x0259	0x00B7      	MOVWF      FARG_Lcd_Out_text
0x025A	0x3001      	MOVLW      1
0x025B	0x00B5      	MOVWF      FARG_Lcd_Out_row
0x025C	0x300E      	MOVLW      14
0x025D	0x00B6      	MOVWF      FARG_Lcd_Out_column
0x025E	0x214E      	CALL       _Lcd_Out
;R8_1.c,88 :: 		ByteToStr(rh1,mytext);
0x025F	0x0823      	MOVF       _rh1, 0
0x0260	0x1683      	BSF        STATUS, 5
0x0261	0x00B5      	MOVWF      FARG_ByteToStr_input
0x0262	0x30B1      	MOVLW      _mytext
0x0263	0x00B6      	MOVWF      FARG_ByteToStr_output
0x0264	0x2092      	CALL       _ByteToStr
;R8_1.c,89 :: 		Lcd_Out(2,14,Ltrim(mytext));
0x0265	0x30B1      	MOVLW      _mytext
0x0266	0x00B5      	MOVWF      FARG_Ltrim_string
0x0267	0x21AA      	CALL       _Ltrim
0x0268	0x0870      	MOVF       R0, 0
0x0269	0x00B7      	MOVWF      FARG_Lcd_Out_text
0x026A	0x3002      	MOVLW      2
0x026B	0x00B5      	MOVWF      FARG_Lcd_Out_row
0x026C	0x300E      	MOVLW      14
0x026D	0x00B6      	MOVWF      FARG_Lcd_Out_column
0x026E	0x214E      	CALL       _Lcd_Out
;R8_1.c,90 :: 		}
0x026F	0x2A84      	GOTO       L_main21
L_main20:
;R8_1.c,93 :: 		Lcd_Cmd(_LCD_CURSOR_OFF);
0x0270	0x300C      	MOVLW      12
0x0271	0x1683      	BSF        STATUS, 5
0x0272	0x00BA      	MOVWF      FARG_Lcd_Cmd_out_char
0x0273	0x201A      	CALL       _Lcd_Cmd
;R8_1.c,94 :: 		Lcd_Cmd(_LCD_CLEAR);
0x0274	0x3001      	MOVLW      1
0x0275	0x1683      	BSF        STATUS, 5
0x0276	0x00BA      	MOVWF      FARG_Lcd_Cmd_out_char
0x0277	0x201A      	CALL       _Lcd_Cmd
;R8_1.c,95 :: 		text = "Erro de CheckSum";
0x0278	0x3036      	MOVLW      ?lstr3_R8_1
0x0279	0x00EF      	MOVWF      _text
;R8_1.c,96 :: 		Lcd_Out(1,1,text);
0x027A	0x3001      	MOVLW      1
0x027B	0x1683      	BSF        STATUS, 5
0x027C	0x00B5      	MOVWF      FARG_Lcd_Out_row
0x027D	0x3001      	MOVLW      1
0x027E	0x00B6      	MOVWF      FARG_Lcd_Out_column
0x027F	0x1283      	BCF        STATUS, 5
0x0280	0x086F      	MOVF       _text, 0
0x0281	0x1683      	BSF        STATUS, 5
0x0282	0x00B7      	MOVWF      FARG_Lcd_Out_text
0x0283	0x214E      	CALL       _Lcd_Out
;R8_1.c,97 :: 		}
L_main21:
;R8_1.c,98 :: 		}
0x0284	0x2A9D      	GOTO       L_main22
L_main19:
;R8_1.c,101 :: 		text="  Sem resposta  ";
0x0285	0x3025      	MOVLW      ?lstr4_R8_1
0x0286	0x00EF      	MOVWF      _text
;R8_1.c,102 :: 		Lcd_Out(1,3,text);
0x0287	0x3001      	MOVLW      1
0x0288	0x1683      	BSF        STATUS, 5
0x0289	0x00B5      	MOVWF      FARG_Lcd_Out_row
0x028A	0x3003      	MOVLW      3
0x028B	0x00B6      	MOVWF      FARG_Lcd_Out_column
0x028C	0x1283      	BCF        STATUS, 5
0x028D	0x086F      	MOVF       _text, 0
0x028E	0x1683      	BSF        STATUS, 5
0x028F	0x00B7      	MOVWF      FARG_Lcd_Out_text
0x0290	0x214E      	CALL       _Lcd_Out
;R8_1.c,103 :: 		text = "    do sensor   ";
0x0291	0x3047      	MOVLW      ?lstr5_R8_1
0x0292	0x00EF      	MOVWF      _text
;R8_1.c,104 :: 		Lcd_Out(2,1,text);
0x0293	0x3002      	MOVLW      2
0x0294	0x1683      	BSF        STATUS, 5
0x0295	0x00B5      	MOVWF      FARG_Lcd_Out_row
0x0296	0x3001      	MOVLW      1
0x0297	0x00B6      	MOVWF      FARG_Lcd_Out_column
0x0298	0x1283      	BCF        STATUS, 5
0x0299	0x086F      	MOVF       _text, 0
0x029A	0x1683      	BSF        STATUS, 5
0x029B	0x00B7      	MOVWF      FARG_Lcd_Out_text
0x029C	0x214E      	CALL       _Lcd_Out
;R8_1.c,105 :: 		}
L_main22:
;R8_1.c,106 :: 		Delay_ms(1000);
0x029D	0x300B      	MOVLW      11
0x029E	0x00FB      	MOVWF      R11
0x029F	0x3026      	MOVLW      38
0x02A0	0x00FC      	MOVWF      R12
0x02A1	0x305D      	MOVLW      93
0x02A2	0x00FD      	MOVWF      R13
L_main23:
0x02A3	0x0BFD      	DECFSZ     R13, 1
0x02A4	0x2AA3      	GOTO       L_main23
0x02A5	0x0BFC      	DECFSZ     R12, 1
0x02A6	0x2AA3      	GOTO       L_main23
0x02A7	0x0BFB      	DECFSZ     R11, 1
0x02A8	0x2AA3      	GOTO       L_main23
0x02A9	0x0000      	NOP
0x02AA	0x0000      	NOP
;R8_1.c,107 :: 		}
0x02AB	0x2A09      	GOTO       L_main17
;R8_1.c,108 :: 		}
L_end_main:
0x02AC	0x2AAC      	GOTO       $+0
; end of _main
0x0310	0x3020      	MOVLW      32
0x0311	0x0084      	MOVWF      FSR
0x0312	0x304C      	MOVLW      76
0x0313	0x1283      	BCF        STATUS, 5
0x0314	0x1303      	BCF        STATUS, 6
0x0315	0x00F0      	MOVWF      R0
0x0316	0x30B2      	MOVLW      178
0x0317	0x00EC      	MOVWF      ___DoICPAddr
0x0318	0x3002      	MOVLW      2
0x0319	0x00ED      	MOVWF      109
0x031A	0x21D6      	CALL       470
0x031B	0x30A0      	MOVLW      160
0x031C	0x0084      	MOVWF      FSR
0x031D	0x3011      	MOVLW      17
0x031E	0x1303      	BCF        STATUS, 6
0x031F	0x00F0      	MOVWF      R0
0x0320	0x30FE      	MOVLW      254
0x0321	0x00EC      	MOVWF      ___DoICPAddr
0x0322	0x3002      	MOVLW      2
0x0323	0x00ED      	MOVWF      109
0x0324	0x21D6      	CALL       470
0x0325	0x0008      	RETURN
;R8_1.c,0 :: ?ICS_b
0x02B2	0x3400 ;?ICS_b+0
; end of ?ICS_b
;R8_1.c,0 :: ?ICS_a
0x02B3	0x3400 ;?ICS_a+0
; end of ?ICS_a
;R8_1.c,0 :: ?ICS_rh2
0x02B4	0x3400 ;?ICS_rh2+0
; end of ?ICS_rh2
;R8_1.c,0 :: ?ICS_rh1
0x02B5	0x3400 ;?ICS_rh1+0
; end of ?ICS_rh1
;R8_1.c,0 :: ?ICS_i
0x02B6	0x3400 ;?ICS_i+0
; end of ?ICS_i
;R8_1.c,0 :: ?ICS?lstr4_R8_1
0x02B7	0x3420 ;?ICS?lstr4_R8_1+0
0x02B8	0x3420 ;?ICS?lstr4_R8_1+1
0x02B9	0x3453 ;?ICS?lstr4_R8_1+2
0x02BA	0x3465 ;?ICS?lstr4_R8_1+3
0x02BB	0x346D ;?ICS?lstr4_R8_1+4
0x02BC	0x3420 ;?ICS?lstr4_R8_1+5
0x02BD	0x3472 ;?ICS?lstr4_R8_1+6
0x02BE	0x3465 ;?ICS?lstr4_R8_1+7
0x02BF	0x3473 ;?ICS?lstr4_R8_1+8
0x02C0	0x3470 ;?ICS?lstr4_R8_1+9
0x02C1	0x346F ;?ICS?lstr4_R8_1+10
0x02C2	0x3473 ;?ICS?lstr4_R8_1+11
0x02C3	0x3474 ;?ICS?lstr4_R8_1+12
0x02C4	0x3461 ;?ICS?lstr4_R8_1+13
0x02C5	0x3420 ;?ICS?lstr4_R8_1+14
0x02C6	0x3420 ;?ICS?lstr4_R8_1+15
0x02C7	0x3400 ;?ICS?lstr4_R8_1+16
; end of ?ICS?lstr4_R8_1
;R8_1.c,0 :: ?ICS?lstr3_R8_1
0x02C8	0x3445 ;?ICS?lstr3_R8_1+0
0x02C9	0x3472 ;?ICS?lstr3_R8_1+1
0x02CA	0x3472 ;?ICS?lstr3_R8_1+2
0x02CB	0x346F ;?ICS?lstr3_R8_1+3
0x02CC	0x3420 ;?ICS?lstr3_R8_1+4
0x02CD	0x3464 ;?ICS?lstr3_R8_1+5
0x02CE	0x3465 ;?ICS?lstr3_R8_1+6
0x02CF	0x3420 ;?ICS?lstr3_R8_1+7
0x02D0	0x3443 ;?ICS?lstr3_R8_1+8
0x02D1	0x3468 ;?ICS?lstr3_R8_1+9
0x02D2	0x3465 ;?ICS?lstr3_R8_1+10
0x02D3	0x3463 ;?ICS?lstr3_R8_1+11
0x02D4	0x346B ;?ICS?lstr3_R8_1+12
0x02D5	0x3453 ;?ICS?lstr3_R8_1+13
0x02D6	0x3475 ;?ICS?lstr3_R8_1+14
0x02D7	0x346D ;?ICS?lstr3_R8_1+15
0x02D8	0x3400 ;?ICS?lstr3_R8_1+16
; end of ?ICS?lstr3_R8_1
;R8_1.c,0 :: ?ICS?lstr5_R8_1
0x02D9	0x3420 ;?ICS?lstr5_R8_1+0
0x02DA	0x3420 ;?ICS?lstr5_R8_1+1
0x02DB	0x3420 ;?ICS?lstr5_R8_1+2
0x02DC	0x3420 ;?ICS?lstr5_R8_1+3
0x02DD	0x3464 ;?ICS?lstr5_R8_1+4
0x02DE	0x346F ;?ICS?lstr5_R8_1+5
0x02DF	0x3420 ;?ICS?lstr5_R8_1+6
0x02E0	0x3473 ;?ICS?lstr5_R8_1+7
0x02E1	0x3465 ;?ICS?lstr5_R8_1+8
0x02E2	0x346E ;?ICS?lstr5_R8_1+9
0x02E3	0x3473 ;?ICS?lstr5_R8_1+10
0x02E4	0x346F ;?ICS?lstr5_R8_1+11
0x02E5	0x3472 ;?ICS?lstr5_R8_1+12
0x02E6	0x3420 ;?ICS?lstr5_R8_1+13
0x02E7	0x3420 ;?ICS?lstr5_R8_1+14
0x02E8	0x3420 ;?ICS?lstr5_R8_1+15
0x02E9	0x3400 ;?ICS?lstr5_R8_1+16
; end of ?ICS?lstr5_R8_1
;R8_1.c,0 :: ?ICS_sum
0x02EA	0x3400 ;?ICS_sum+0
; end of ?ICS_sum
;R8_1.c,0 :: ?ICS_t2
0x02EB	0x3400 ;?ICS_t2+0
; end of ?ICS_t2
;R8_1.c,0 :: ?ICS_t1
0x02EC	0x3400 ;?ICS_t1+0
; end of ?ICS_t1
;R8_1.c,0 :: ?ICS?lstr2_R8_1
0x02ED	0x3420 ;?ICS?lstr2_R8_1+0
0x02EE	0x3420 ;?ICS?lstr2_R8_1+1
0x02EF	0x3420 ;?ICS?lstr2_R8_1+2
0x02F0	0x3420 ;?ICS?lstr2_R8_1+3
0x02F1	0x3455 ;?ICS?lstr2_R8_1+4
0x02F2	0x346D ;?ICS?lstr2_R8_1+5
0x02F3	0x3469 ;?ICS?lstr2_R8_1+6
0x02F4	0x3464 ;?ICS?lstr2_R8_1+7
0x02F5	0x3461 ;?ICS?lstr2_R8_1+8
0x02F6	0x3464 ;?ICS?lstr2_R8_1+9
0x02F7	0x3465 ;?ICS?lstr2_R8_1+10
0x02F8	0x343A ;?ICS?lstr2_R8_1+11
0x02F9	0x3420 ;?ICS?lstr2_R8_1+12
0x02FA	0x3420 ;?ICS?lstr2_R8_1+13
0x02FB	0x3420 ;?ICS?lstr2_R8_1+14
0x02FC	0x3425 ;?ICS?lstr2_R8_1+15
0x02FD	0x3400 ;?ICS?lstr2_R8_1+16
; end of ?ICS?lstr2_R8_1
;R8_1.c,0 :: ?ICS?lstr1_R8_1
0x02FE	0x3454 ;?ICS?lstr1_R8_1+0
0x02FF	0x3465 ;?ICS?lstr1_R8_1+1
0x0300	0x346D ;?ICS?lstr1_R8_1+2
0x0301	0x3470 ;?ICS?lstr1_R8_1+3
0x0302	0x3465 ;?ICS?lstr1_R8_1+4
0x0303	0x3472 ;?ICS?lstr1_R8_1+5
0x0304	0x3461 ;?ICS?lstr1_R8_1+6
0x0305	0x3474 ;?ICS?lstr1_R8_1+7
0x0306	0x3475 ;?ICS?lstr1_R8_1+8
0x0307	0x3472 ;?ICS?lstr1_R8_1+9
0x0308	0x3461 ;?ICS?lstr1_R8_1+10
0x0309	0x343A ;?ICS?lstr1_R8_1+11
0x030A	0x3420 ;?ICS?lstr1_R8_1+12
0x030B	0x3420 ;?ICS?lstr1_R8_1+13
0x030C	0x3420 ;?ICS?lstr1_R8_1+14
0x030D	0x3443 ;?ICS?lstr1_R8_1+15
0x030E	0x3400 ;?ICS?lstr1_R8_1+16
; end of ?ICS?lstr1_R8_1
Symbol List:
//** Routines locations **
//ADDRESS    SIZE    PROCEDURE
//----------------------------------------------
0x0003       [3]    _Delay_1us
0x0006      [13]    _Delay_5500us
0x0013       [7]    _Delay_50us
0x001A      [87]    _Lcd_Cmd
0x0071      [17]    _Div_8X8_U
0x0082       [9]    _Lcd_Chr_CP
0x008B       [7]    _____DoICP
0x0092      [52]    _ByteToStr
0x00C6      [78]    _Lcd_Init
0x0114      [58]    _le_dados
0x014E      [67]    _Lcd_Out
0x0191      [25]    _inicia_sinal
0x01AA      [44]    _Ltrim
0x01D6      [12]    ___CC2DW
0x01E2      [24]    _verifica_resposta
0x01FA     [178]    _main
//** Variables locations ** 
//ADDRESS    SIZE    VARIABLE
//----------------------------------------------
0x0000       [1]    INDF
0x0002       [1]    PCL
0x0003       [1]    STATUS
0x0004       [1]    FSR
0x0006       [1]    PORTB
0x0006       [0]    LCD_D4
0x0006       [0]    LCD_EN
0x0006       [0]    RB2_bit
0x0006       [0]    RB1_bit
0x0006       [0]    RB5_bit
0x0006       [0]    RB0_bit
0x0006       [0]    LCD_D7
0x0006       [0]    LCD_D5
0x0006       [0]    LCD_D6
0x0006       [0]    RB4_bit
0x0006       [0]    RB3_bit
0x0006       [0]    LCD_RS
0x0008       [1]    PORTD
0x000A       [1]    PCLATH
0x0020       [1]    _b
0x0021       [1]    _a
0x0022       [1]    _rh2
0x0023       [1]    _rh1
0x0024       [1]    _i
0x0025      [17]    ?lstr4_R8_1
0x0036      [17]    ?lstr3_R8_1
0x0047      [17]    ?lstr5_R8_1
0x0058       [1]    _sum
0x0059       [1]    _t2
0x005A       [1]    _t1
0x005B      [17]    ?lstr2_R8_1
0x006C       [2]    ___DoICPAddr
0x006E       [0]    __Lib_Lcd_cmd_status
0x006F       [1]    _text
0x0070       [1]    R0
0x0071       [1]    R1
0x0072       [1]    R2
0x0073       [1]    R3
0x0074       [1]    R4
0x0075       [1]    R5
0x0076       [1]    R6
0x0077       [1]    R7
0x0078       [1]    R8
0x0079       [1]    R9
0x007A       [1]    R10
0x007B       [1]    R11
0x007C       [1]    R12
0x007D       [1]    R13
0x007E       [1]    R14
0x007F       [1]    R15
0x0086       [0]    TRISB2_bit
0x0086       [0]    TRISB3_bit
0x0086       [0]    TRISB0_bit
0x0086       [0]    TRISB1_bit
0x0086       [0]    TRISB4_bit
0x0086       [1]    TRISB
0x0086       [0]    TRISB5_bit
0x0086       [0]    LCD_D4_Direction
0x0086       [0]    LCD_EN_Direction
0x0086       [0]    LCD_RS_Direction
0x0086       [0]    LCD_D7_Direction
0x0086       [0]    LCD_D6_Direction
0x0086       [0]    LCD_D5_Direction
0x0088       [1]    TRISD
0x00A0      [17]    ?lstr1_R8_1
0x00B1       [4]    _mytext
0x00B5       [1]    FARG_ByteToStr_input
0x00B5       [1]    FARG_Lcd_Out_row
0x00B5       [1]    FARG_Ltrim_string
0x00B6       [1]    FARG_ByteToStr_output
0x00B6       [2]    Ltrim_trimmed_L0
0x00B6       [1]    FARG_Lcd_Out_column
0x00B7       [1]    FARG_Lcd_Out_text
0x00B7       [1]    ByteToStr_DigitPos_L0
0x00B8       [1]    FLOC__ByteToStr
0x00B8       [1]    Lcd_Out_i_L0
0x00B9       [1]    FARG_Lcd_Chr_CP_out_char
0x00BA       [1]    FARG_Lcd_Cmd_out_char
//** Constants locations ** 
//ADDRESS    SIZE    CONSTANT
//----------------------------------------------
0x02B2       [1]    ?ICS_b
0x02B3       [1]    ?ICS_a
0x02B4       [1]    ?ICS_rh2
0x02B5       [1]    ?ICS_rh1
0x02B6       [1]    ?ICS_i
0x02B7      [17]    ?ICS?lstr4_R8_1
0x02C8      [17]    ?ICS?lstr3_R8_1
0x02D9      [17]    ?ICS?lstr5_R8_1
0x02EA       [1]    ?ICS_sum
0x02EB       [1]    ?ICS_t2
0x02EC       [1]    ?ICS_t1
0x02ED      [17]    ?ICS?lstr2_R8_1
0x02FE      [17]    ?ICS?lstr1_R8_1
