;  LST file generated by mikroListExporter - v.2.0 
; Date/Time: 10/11/2022 17:24:15
;----------------------------------------------

;Address Opcode 	ASM
0x0000	0x2850      	GOTO       80
_Delay_22us:
;__Lib_Delays.c,15 :: 		void Delay_22us() {
;__Lib_Delays.c,16 :: 		Delay_us(22);
0x0003	0x3007      	MOVLW      7
0x0004	0x1283      	BCF        STATUS, 5
0x0005	0x1303      	BCF        STATUS, 6
0x0006	0x00FD      	MOVWF      R13
L_Delay_22us1:
0x0007	0x0BFD      	DECFSZ     R13, 1
0x0008	0x2807      	GOTO       L_Delay_22us1
;__Lib_Delays.c,17 :: 		}
L_end_Delay_22us:
0x0009	0x0008      	RETURN
; end of _Delay_22us
_____DoICP:
;__Lib_System.c,6 :: 		
;__Lib_System.c,9 :: 		
0x000A	0x1283      	BCF        STATUS, 5
0x000B	0x1303      	BCF        STATUS, 6
0x000C	0x0828      	MOVF       ___DoICPAddr+1, 0
0x000D	0x008A      	MOVWF      PCLATH
;__Lib_System.c,10 :: 		
0x000E	0x0827      	MOVF       ___DoICPAddr, 0
0x000F	0x0082      	MOVWF      PCL
;__Lib_System.c,12 :: 		
L_end_____DoICP:
0x0010	0x0008      	RETURN
; end of _____DoICP
_ADC_Get_Sample:
;__Lib_ADC_A_C.c,45 :: 		
;__Lib_ADC_A_C.c,47 :: 		
0x0011	0x30C7      	MOVLW      199
0x0012	0x1283      	BCF        STATUS, 5
0x0013	0x1303      	BCF        STATUS, 6
0x0014	0x059F      	ANDWF      ADCON0, 1
;__Lib_ADC_A_C.c,48 :: 		
0x0015	0x0820      	MOVF       FARG_ADC_Get_Sample_channel, 0
0x0016	0x00F0      	MOVWF      R0
0x0017	0x0DF0      	RLF        R0, 1
0x0018	0x1070      	BCF        R0, 0
0x0019	0x0DF0      	RLF        R0, 1
0x001A	0x1070      	BCF        R0, 0
0x001B	0x0DF0      	RLF        R0, 1
0x001C	0x1070      	BCF        R0, 0
0x001D	0x0870      	MOVF       R0, 0
0x001E	0x049F      	IORWF      ADCON0, 1
;__Lib_ADC_A_C.c,51 :: 		
0x001F	0x2003      	CALL       _Delay_22us
;__Lib_ADC_A_C.c,54 :: 		
0x0020	0x151F      	BSF        ADCON0, 2
;__Lib_ADC_A_C.c,57 :: 		
L_ADC_Get_Sample0:
0x0021	0x1D1F      	BTFSS      ADCON0, 2
0x0022	0x2825      	GOTO       L_ADC_Get_Sample1
;__Lib_ADC_A_C.c,58 :: 		
0x0023	0x0000      	NOP
0x0024	0x2821      	GOTO       L_ADC_Get_Sample0
L_ADC_Get_Sample1:
;__Lib_ADC_A_C.c,64 :: 		
0x0025	0x081E      	MOVF       ADRESH, 0
0x0026	0x00F1      	MOVWF      R0+1
0x0027	0x01F0      	CLRF       R0
0x0028	0x1683      	BSF        STATUS, 5
0x0029	0x081E      	MOVF       ADRESL, 0
0x002A	0x04F0      	IORWF      R0, 1
0x002B	0x3000      	MOVLW      0
0x002C	0x04F1      	IORWF      R0+1, 1
;__Lib_ADC_A_C.c,65 :: 		
L_end_ADC_Get_Sample:
0x002D	0x0008      	RETURN
; end of _ADC_Get_Sample
___CC2DW:
;__Lib_System.c,134 :: 		
;__Lib_System.c,137 :: 		
_CC2D_Loop1:
;__Lib_System.c,139 :: 		
0x002E	0x200A      	CALL       _____DoICP
0x002F	0x118A      	BCF        PCLATH, 3
0x0030	0x120A      	BCF        PCLATH, 4
;__Lib_System.c,141 :: 		
0x0031	0x0080      	MOVWF      INDF
;__Lib_System.c,142 :: 		
0x0032	0x0A84      	INCF       FSR, 1
;__Lib_System.c,143 :: 		
0x0033	0x0AA7      	INCF       ___DoICPAddr, 1
;__Lib_System.c,145 :: 		
0x0034	0x1903      	BTFSC      STATUS, 2
;__Lib_System.c,146 :: 		
0x0035	0x0AA8      	INCF       ___DoICPAddr+1, 1
;__Lib_System.c,147 :: 		
0x0036	0x03F0      	DECF       R0, 1
;__Lib_System.c,149 :: 		
0x0037	0x1D03      	BTFSS      STATUS, 2
;__Lib_System.c,150 :: 		
0x0038	0x282E      	GOTO       _CC2D_Loop1
;__Lib_System.c,152 :: 		
L_end___CC2DW:
0x0039	0x0008      	RETURN
; end of ___CC2DW
_ADC_Init:
;__Lib_ADC_A_C.c,19 :: 		
;__Lib_ADC_A_C.c,20 :: 		
0x003A	0x3011      	MOVLW      _ADC_Get_Sample
0x003B	0x1283      	BCF        STATUS, 5
0x003C	0x1303      	BCF        STATUS, 6
0x003D	0x00A4      	MOVWF      _ADC_Get_Sample_Ptr
0x003E	0x3000      	MOVLW      hi_addr(_ADC_Get_Sample)
0x003F	0x00A5      	MOVWF      _ADC_Get_Sample_Ptr+1
0x0040	0x3020      	MOVLW      FARG_ADC_Get_Sample_channel
0x0041	0x00A6      	MOVWF      _ADC_Get_Sample_Ptr+2
0x0042	0x3000      	MOVLW      hi_addr(FARG_ADC_Get_Sample_channel)
;__Lib_ADC_A_C.c,22 :: 		
0x0043	0x019F      	CLRF       ADCON0
;__Lib_ADC_A_C.c,23 :: 		
0x0044	0x30C0      	MOVLW      192
0x0045	0x049F      	IORWF      ADCON0, 1
;__Lib_ADC_A_C.c,24 :: 		
0x0046	0x0921      	COMF       _vref_mask, 0
0x0047	0x00F0      	MOVWF      R0
0x0048	0x0870      	MOVF       R0, 0
0x0049	0x1683      	BSF        STATUS, 5
0x004A	0x059F      	ANDWF      ADCON1, 1
;__Lib_ADC_A_C.c,25 :: 		
0x004B	0x171F      	BSF        ADCON1, 6
;__Lib_ADC_A_C.c,26 :: 		
0x004C	0x179F      	BSF        ADCON1, 7
;__Lib_ADC_A_C.c,29 :: 		
0x004D	0x1283      	BCF        STATUS, 5
0x004E	0x141F      	BSF        ADCON0, 0
;__Lib_ADC_A_C.c,30 :: 		
L_end_ADC_Init:
0x004F	0x0008      	RETURN
; end of _ADC_Init
_main:
0x0050	0x2086      	CALL       134
;R5_P1.c,3 :: 		void main()
;R5_P1.c,5 :: 		TRISA = 0xFF;    //Conf.todos os pinos do PORTA c/ entrada
0x0051	0x30FF      	MOVLW      255
0x0052	0x1683      	BSF        STATUS, 5
0x0053	0x1303      	BCF        STATUS, 6
0x0054	0x0085      	MOVWF      TRISA
;R5_P1.c,6 :: 		TRISB = 0x00;    //Conf.todos os pinos do PORTB c/ saída
0x0055	0x0186      	CLRF       TRISB
;R5_P1.c,7 :: 		TRISC = 0x00;    //Conf.todos os pinos do PORTC c/ saída
0x0056	0x0187      	CLRF       TRISC
;R5_P1.c,10 :: 		ADCON0.ADCS0 = 0;
0x0057	0x1283      	BCF        STATUS, 5
0x0058	0x131F      	BCF        ADCON0, 6
;R5_P1.c,11 :: 		ADCON0.ADCS1 = 0;
0x0059	0x139F      	BCF        ADCON0, 7
;R5_P1.c,12 :: 		ADCON1.ADCS2 = 0;
0x005A	0x1683      	BSF        STATUS, 5
0x005B	0x131F      	BCF        ADCON1, 6
;R5_P1.c,15 :: 		ADCON0.CHS0 = 0;
0x005C	0x1283      	BCF        STATUS, 5
0x005D	0x119F      	BCF        ADCON0, 3
;R5_P1.c,16 :: 		ADCON0.CHS1 = 0;
0x005E	0x121F      	BCF        ADCON0, 4
;R5_P1.c,17 :: 		ADCON0.CHS2 = 0;
0x005F	0x129F      	BCF        ADCON0, 5
;R5_P1.c,20 :: 		ADCON0.ADON = 1;
0x0060	0x141F      	BSF        ADCON0, 0
;R5_P1.c,23 :: 		ADCON1.ADFM = 0;
0x0061	0x1683      	BSF        STATUS, 5
0x0062	0x139F      	BCF        ADCON1, 7
;R5_P1.c,26 :: 		ADCON1.PCFG0 = 0;
0x0063	0x101F      	BCF        ADCON1, 0
;R5_P1.c,27 :: 		ADCON1.PCFG1 = 1;
0x0064	0x149F      	BSF        ADCON1, 1
;R5_P1.c,28 :: 		ADCON1.PCFG2 = 1;
0x0065	0x151F      	BSF        ADCON1, 2
;R5_P1.c,29 :: 		ADCON1.PCFG3 = 1;
0x0066	0x159F      	BSF        ADCON1, 3
;R5_P1.c,32 :: 		CMCON.CM0 = 1;
0x0067	0x141C      	BSF        CMCON, 0
;R5_P1.c,33 :: 		CMCON.CM1 = 1;
0x0068	0x149C      	BSF        CMCON, 1
;R5_P1.c,34 :: 		CMCON.CM2 = 1;
0x0069	0x151C      	BSF        CMCON, 2
;R5_P1.c,37 :: 		ADC_Init();
0x006A	0x203A      	CALL       _ADC_Init
;R5_P1.c,40 :: 		PORTB = 0X00;
0x006B	0x0186      	CLRF       PORTB
;R5_P1.c,41 :: 		PORTC = 0X00;
0x006C	0x0187      	CLRF       PORTC
;R5_P1.c,43 :: 		while(1)
L_main0:
;R5_P1.c,45 :: 		adc_AN0 = ADC_Get_Sample(0); //Lê o valor da porta AN0
0x006D	0x01A0      	CLRF       FARG_ADC_Get_Sample_channel
0x006E	0x2011      	CALL       _ADC_Get_Sample
0x006F	0x0870      	MOVF       R0, 0
0x0070	0x1283      	BCF        STATUS, 5
0x0071	0x00A2      	MOVWF      _adc_AN0
0x0072	0x0871      	MOVF       R0+1, 0
0x0073	0x00A3      	MOVWF      _adc_AN0+1
;R5_P1.c,46 :: 		PORTB = adc_AN0;
0x0074	0x0870      	MOVF       R0, 0
0x0075	0x0086      	MOVWF      PORTB
;R5_P1.c,47 :: 		PORTC = adc_AN0 >> 8;
0x0076	0x0871      	MOVF       R0+1, 0
0x0077	0x00F2      	MOVWF      R2
0x0078	0x01F3      	CLRF       R2+1
0x0079	0x0872      	MOVF       R2, 0
0x007A	0x0087      	MOVWF      PORTC
;R5_P1.c,48 :: 		}
0x007B	0x286D      	GOTO       L_main0
;R5_P1.c,49 :: 		}
L_end_main:
0x007C	0x287C      	GOTO       $+0
; end of _main
0x0086	0x3021      	MOVLW      33
0x0087	0x0084      	MOVWF      FSR
0x0088	0x3003      	MOVLW      3
0x0089	0x1283      	BCF        STATUS, 5
0x008A	0x1303      	BCF        STATUS, 6
0x008B	0x00F0      	MOVWF      R0
0x008C	0x3082      	MOVLW      130
0x008D	0x00A7      	MOVWF      ___DoICPAddr
0x008E	0x3000      	MOVLW      0
0x008F	0x00A8      	MOVWF      40
0x0090	0x202E      	CALL       46
0x0091	0x0008      	RETURN
;__Lib_ADC_A_C.c,0 :: ?ICS_vref_mask
0x0082	0x340F ;?ICS_vref_mask+0
; end of ?ICS_vref_mask
;R5_P1.c,0 :: ?ICS_adc_AN0
0x0083	0x3400 ;?ICS_adc_AN0+0
0x0084	0x3400 ;?ICS_adc_AN0+1
; end of ?ICS_adc_AN0
Symbol List:
//** Routines locations **
//ADDRESS    SIZE    PROCEDURE
//----------------------------------------------
0x0003       [7]    _Delay_22us
0x000A       [7]    _____DoICP
0x0011      [29]    _ADC_Get_Sample
0x002E      [12]    ___CC2DW
0x003A      [22]    _ADC_Init
0x0050      [44]    _main
//** Variables locations ** 
//ADDRESS    SIZE    VARIABLE
//----------------------------------------------
0x0000       [1]    INDF
0x0002       [1]    PCL
0x0003       [1]    STATUS
0x0004       [1]    FSR
0x0006       [1]    PORTB
0x0007       [1]    PORTC
0x000A       [1]    PCLATH
0x001E       [1]    ADRESH
0x001F       [1]    ADCON0
0x0020       [1]    FARG_ADC_Get_Sample_channel
0x0021       [1]    _vref_mask
0x0022       [2]    _adc_AN0
0x0024       [3]    _ADC_Get_Sample_Ptr
0x0027       [2]    ___DoICPAddr
0x0070       [1]    R0
0x0071       [1]    R1
0x0072       [1]    R2
0x0073       [1]    R3
0x0074       [1]    R4
0x0075       [1]    R5
0x0076       [1]    R6
0x0077       [1]    R7
0x0078       [1]    R8
0x0079       [1]    R9
0x007A       [1]    R10
0x007B       [1]    R11
0x007C       [1]    R12
0x007D       [1]    R13
0x007E       [1]    R14
0x007F       [1]    R15
0x0085       [1]    TRISA
0x0086       [1]    TRISB
0x0087       [1]    TRISC
0x009C       [1]    CMCON
0x009E       [1]    ADRESL
0x009F       [1]    ADCON1
//** Constants locations ** 
//ADDRESS    SIZE    CONSTANT
//----------------------------------------------
0x0082       [1]    ?ICS_vref_mask
0x0083       [2]    ?ICS_adc_AN0
